2018-12-15 02:02:37,915 - DEBUG - Starting script python -m run --program-size=3 --data-set=test --synthesizer=deepcoder
2018-12-15 02:02:40,441 - DEBUG - Expected: ZIPWITH(min,ZIPWITH(min,MAP(/4,x1),MAP(/4,x1)),x0), Got: ZIPWITH(min,x0,MAP(/4,x1))
2018-12-15 02:02:40,784 - DEBUG - Expected: ZIPWITH(*,SCAN1L(max,SCAN1L(max,x0)),x1), Got: ZIPWITH(*,x1,SCAN1L(max,x0))
2018-12-15 02:02:40,789 - DEBUG - Expected: ZIPWITH(+,TAKE(x1,x0),MAP(**2,TAKE(x1,x0))), Got: ZIPWITH(+,x0,ZIPWITH(*,x0,x0))
2018-12-15 02:05:59,823 - DEBUG - Expected: FILTER(ODD,MAP(/3,ZIPWITH(*,x1,x0))), Got: FILTER(ODD,MAP(/3,ZIPWITH(*,x0,x1)))
2018-12-15 02:06:58,882 - DEBUG - Expected: ZIPWITH(max,ZIPWITH(min,x1,x0),ZIPWITH(+,x2,x2)), Got: ZIPWITH(max,ZIPWITH(min,x0,x1),ZIPWITH(+,x2,x2))
2018-12-15 02:07:02,840 - DEBUG - Expected: ZIPWITH(+,ZIPWITH(*,x1,x0),ZIPWITH(-,x2,x1)), Got: ZIPWITH(+,ZIPWITH(-,ZIPWITH(*,x0,x1),x1),x2)
2018-12-15 02:07:08,132 - DEBUG - Expected: MAP(-1,ZIPWITH(min,x0,ZIPWITH(*,x0,x0))), Got: ZIPWITH(min,x0,MAP(-1,x0))
2018-12-15 02:07:19,510 - DEBUG - Expected: ZIPWITH(min,MAP(*2,ZIPWITH(+,x0,x0)),x0), Got: ZIPWITH(min,x0,MAP(*4,x0))
2018-12-15 02:09:52,748 - DEBUG - Expected: MAP(*4,MAP(**2,ZIPWITH(*,x0,x1))), Got: MAP(**2,ZIPWITH(*,ZIPWITH(+,x0,x0),x1))
2018-12-15 02:14:52,794 - DEBUG - Expected: SCAN1L(max,ZIPWITH(*,ZIPWITH(-,x1,x0),x2)), but timed out
2018-12-15 02:14:57,053 - DEBUG - Expected: ZIPWITH(+,x1,ZIPWITH(max,x2,ZIPWITH(*,x0,x1))), Got: ZIPWITH(+,ZIPWITH(max,ZIPWITH(*,x0,x1),x2),x1)
2018-12-15 02:14:57,681 - DEBUG - Expected: TAKE(SUM(x0),MAP(*-1,x1)), Got: ZIPWITH(-,ZIPWITH(-,x1,x1),x1)
2018-12-15 02:19:57,699 - DEBUG - Expected: MAP(*4,ZIPWITH(min,ZIPWITH(max,x1,x0),ZIPWITH(max,x1,x0))), but timed out
2018-12-15 02:24:57,729 - DEBUG - Expected: ZIPWITH(max,SORT(x0),ZIPWITH(min,x1,x0)), but timed out
2018-12-15 02:29:57,744 - DEBUG - Expected: ZIPWITH(-,x1,ZIPWITH(max,x1,ZIPWITH(*,x0,x1))), but timed out
2018-12-15 02:31:24,266 - DEBUG - Expected: ZIPWITH(*,x1,ZIPWITH(max,MAP(*-1,x0),x2)), Got: ZIPWITH(*,ZIPWITH(max,MAP(*-1,x0),x2),x1)
2018-12-15 02:31:27,677 - DEBUG - Expected: COUNT(EVEN,FILTER(>0,REVERSE(x0))), Got: COUNT(ODD,MAP(+1,FILTER(>0,x0)))
2018-12-15 02:35:15,080 - DEBUG - Expected: ZIPWITH(-,x1,ZIPWITH(max,x2,MAP(*4,x0))), Got: ZIPWITH(-,x1,ZIPWITH(max,MAP(*4,x0),x2))
2018-12-15 02:35:15,469 - DEBUG - Expected: ZIPWITH(-,x0,ZIPWITH(min,x2,ZIPWITH(-,x0,x1))), Got: ZIPWITH(max,x1,ZIPWITH(-,x0,x2))
2018-12-15 02:35:19,848 - DEBUG - Expected: ZIPWITH(*,x0,ZIPWITH(+,ZIPWITH(+,x2,x1),x0)), Got: ZIPWITH(*,ZIPWITH(+,ZIPWITH(+,x0,x1),x2),x0)
2018-12-15 02:35:19,966 - DEBUG - Expected: ZIPWITH(*,ZIPWITH(min,FILTER(>0,x1),FILTER(>0,x1)),x0), Got: ZIPWITH(*,x0,FILTER(>0,x1))
2018-12-15 02:35:19,970 - DEBUG - Expected: ZIPWITH(+,x0,FILTER(<0,FILTER(>0,x1))), Got: FILTER(ODD,FILTER(EVEN,x0))
2018-12-15 02:35:23,396 - DEBUG - Expected: ZIPWITH(-,MAP(/3,x0),ZIPWITH(min,x0,x0)), Got: MAP(*-1,ZIPWITH(-,x0,MAP(/3,x0)))
2018-12-15 02:35:34,032 - DEBUG - Expected: ZIPWITH(*,x2,ZIPWITH(*,x2,ZIPWITH(-,x1,x0))), Got: ZIPWITH(*,ZIPWITH(*,ZIPWITH(-,x1,x0),x2),x2)
2018-12-15 02:39:11,534 - DEBUG - Expected: DROP(COUNT(<0,x1),ZIPWITH(max,x1,x0)), Got: DROP(COUNT(<0,x1),ZIPWITH(max,x0,x1))
2018-12-15 02:39:11,777 - DEBUG - Expected: ZIPWITH(min,x1,FILTER(>0,MAP(**2,x0))), Got: ZIPWITH(min,x1,ZIPWITH(*,x0,x0))
2018-12-15 02:44:11,793 - DEBUG - Expected: ZIPWITH(+,ZIPWITH(min,x1,x0),FILTER(EVEN,ZIPWITH(min,x1,x0))), but timed out
2018-12-15 02:49:11,829 - DEBUG - Expected: TAKE(COUNT(EVEN,ZIPWITH(-,x0,x1)),x2), but timed out
2018-12-15 02:54:11,855 - DEBUG - Expected: ZIPWITH(max,ZIPWITH(max,SCAN1L(*,x0),x1),x0), but timed out
2018-12-15 02:54:13,765 - DEBUG - Expected: MAP(*-1,MAP(-1,ZIPWITH(-,x1,x0))), Got: ZIPWITH(-,x0,MAP(-1,x1))
2018-12-15 02:56:33,778 - DEBUG - Expected: ZIPWITH(+,x2,ZIPWITH(*,ZIPWITH(+,x0,x1),x0)), Got: ZIPWITH(+,ZIPWITH(*,ZIPWITH(+,x0,x1),x0),x2)
2018-12-15 02:56:33,979 - DEBUG - Expected: ZIPWITH(-,ZIPWITH(max,ZIPWITH(min,x1,x1),x0),x0), Got: ZIPWITH(-,x1,ZIPWITH(min,x0,x1))
2018-12-15 03:01:33,998 - DEBUG - Expected: ZIPWITH(min,ZIPWITH(*,MAP(*2,x1),MAP(*2,x1)),x0), but timed out
2018-12-15 03:06:34,016 - DEBUG - Expected: MAP(-1,FILTER(<0,ZIPWITH(max,x0,x1))), but timed out
2018-12-15 03:06:34,055 - DEBUG - Expected: ZIPWITH(min,MAP(**2,x1),TAKE(x2,x0)), Got: ZIPWITH(min,x0,ZIPWITH(*,x1,x1))
2018-12-15 03:06:34,112 - DEBUG - Expected: ZIPWITH(max,ZIPWITH(max,x0,x0),ZIPWITH(+,x2,x1)), Got: ZIPWITH(max,x0,ZIPWITH(+,x1,x2))
2018-12-15 03:06:34,216 - DEBUG - Expected: MAP(+1,ZIPWITH(-,x0,ZIPWITH(min,x1,x1))), Got: ZIPWITH(-,x0,MAP(-1,x1))
2018-12-15 03:06:34,217 - DEBUG - Expected: ZIPWITH(*,DROP(x2,x1),ZIPWITH(max,x1,x0)), Got: DROP(x2,x0)
2018-12-15 03:07:14,151 - DEBUG - Expected: COUNT(<0,ZIPWITH(max,MAP(**2,x1),x0)), Got: ACCESS(COUNT(ODD,x0),ZIPWITH(-,x0,x0))
2018-12-15 03:07:34,034 - DEBUG - Expected: ZIPWITH(min,ZIPWITH(+,x1,SCAN1L(-,x0)),ZIPWITH(+,x1,SCAN1L(-,x0))), Got: ZIPWITH(+,x1,SCAN1L(-,x0))
2018-12-15 03:08:54,198 - DEBUG - Expected: REVERSE(MAP(/4,MAP(*3,x0))), Got: MAP(/4,MAP(*3,REVERSE(x0)))
2018-12-15 03:13:54,215 - DEBUG - Expected: ZIPWITH(+,MAP(/2,x0),FILTER(<0,x0)), but timed out
2018-12-15 03:13:54,220 - DEBUG - Expected: MAP(**2,MAP(**2,ZIPWITH(max,x0,x0))), Got: MAP(**2,MAP(**2,x0))
2018-12-15 03:18:54,233 - DEBUG - Expected: ZIPWITH(+,x1,ZIPWITH(*,SCAN1L(min,x0),x2)), but timed out
2018-12-15 03:19:14,073 - DEBUG - Expected: ZIPWITH(max,ZIPWITH(max,SCAN1L(*,x0),x1),SCAN1L(*,x0)), Got: ZIPWITH(max,x1,SCAN1L(*,x0))
2018-12-15 03:19:14,074 - DEBUG - Expected: ZIPWITH(max,DROP(x1,x0),ZIPWITH(max,x0,x0)), Got: DROP(x1,x0)
2018-12-15 03:24:14,089 - DEBUG - Expected: ZIPWITH(max,SORT(x0),ZIPWITH(+,x1,x0)), but timed out
2018-12-15 03:29:14,115 - DEBUG - Expected: ZIPWITH(*,x0,ZIPWITH(*,FILTER(<0,x2),x1)), but timed out
2018-12-15 03:34:14,137 - DEBUG - Expected: ZIPWITH(+,ZIPWITH(max,x1,x0),FILTER(ODD,x2)), but timed out
2018-12-15 03:39:14,158 - DEBUG - Expected: MAP(/3,ZIPWITH(min,MAP(-1,x0),x1)), but timed out
2018-12-15 03:40:34,665 - DEBUG - Got expected: MAP(*-1,ZIPWITH(min,MAP(/4,x0),x0))
2018-12-15 03:45:34,682 - DEBUG - Expected: ZIPWITH(-,x0,SCAN1L(*,MAP(/2,x0))), but timed out
2018-12-15 03:50:34,703 - DEBUG - Expected: DROP(COUNT(<0,x2),ZIPWITH(min,x1,x0)), but timed out
2018-12-15 03:50:34,766 - DEBUG - Expected: ZIPWITH(min,ZIPWITH(min,x0,ZIPWITH(max,x1,x2)),ZIPWITH(max,x1,x2)), Got: ZIPWITH(min,x0,ZIPWITH(max,x1,x2))
2018-12-15 03:55:34,785 - DEBUG - Expected: ZIPWITH(*,MAP(*-1,x1),ZIPWITH(max,x2,x0)), but timed out
2018-12-15 03:55:34,788 - DEBUG - Expected: MAP(**2,MAP(/2,MAP(*2,x0))), Got: MAP(**2,x0)
2018-12-15 04:00:34,809 - DEBUG - Expected: MAP(*2,ZIPWITH(max,MAP(/4,x0),x1)), but timed out
2018-12-15 04:00:34,812 - DEBUG - Expected: ZIPWITH(min,MAP(*2,x0),MAP(**2,MAP(*2,x0))), Got: ZIPWITH(+,x0,x0)
2018-12-15 04:05:34,832 - DEBUG - Expected: ZIPWITH(-,ZIPWITH(+,x0,x1),MAP(/2,x1)), but timed out
2018-12-15 04:10:34,847 - DEBUG - Expected: ZIPWITH(min,ZIPWITH(+,x0,x1),MAP(*-1,x2)), but timed out
2018-12-15 04:15:34,861 - DEBUG - Expected: ZIPWITH(max,SCAN1L(-,FILTER(<0,x1)),x0), but timed out
2018-12-15 04:20:34,882 - DEBUG - Expected: ZIPWITH(min,ZIPWITH(+,x0,MAP(**2,x1)),MAP(**2,x1)), but timed out
2018-12-15 04:25:34,899 - DEBUG - Expected: ZIPWITH(*,x2,ZIPWITH(max,x1,SCAN1L(+,x0))), but timed out
2018-12-15 04:28:55,106 - DEBUG - Expected: MAP(/3,ZIPWITH(-,FILTER(>0,x0),FILTER(>0,x0))), Got: ZIPWITH(min,ZIPWITH(-,x0,x0),FILTER(>0,x0))
2018-12-15 04:33:55,119 - DEBUG - Expected: ZIPWITH(min,REVERSE(MAP(-1,x0)),MAP(-1,x0)), but timed out
2018-12-15 04:33:55,133 - DEBUG - Expected: ZIPWITH(+,x1,ZIPWITH(-,x0,TAKE(x2,x0))), Got: ZIPWITH(-,x0,ZIPWITH(-,x0,x1))
2018-12-15 04:38:55,152 - DEBUG - Expected: ZIPWITH(min,x0,ZIPWITH(-,x1,MAP(/3,x0))), but timed out
2018-12-15 04:41:35,136 - DEBUG - Expected: ZIPWITH(*,x0,ZIPWITH(+,x0,ZIPWITH(+,x1,x2))), Got: ZIPWITH(*,ZIPWITH(+,ZIPWITH(+,x0,x1),x2),x0)
2018-12-15 04:46:35,156 - DEBUG - Expected: DROP(MINIMUM(MAP(*2,x1)),x0), but timed out
2018-12-15 04:46:35,162 - DEBUG - Expected: FILTER(>0,ZIPWITH(-,MAP(/2,x0),MAP(/2,x0))), Got: FILTER(ODD,FILTER(EVEN,x0))
2018-12-15 04:46:35,267 - DEBUG - Expected: ZIPWITH(+,ZIPWITH(max,x0,MAP(+1,x0)),x1), Got: ZIPWITH(+,x0,MAP(+1,x1))
2018-12-15 04:51:35,279 - DEBUG - Expected: ZIPWITH(min,REVERSE(x2),ZIPWITH(+,x0,x1)), but timed out
2018-12-15 04:56:35,290 - DEBUG - Expected: ZIPWITH(max,ZIPWITH(+,x1,SCAN1L(max,x0)),x1), but timed out
2018-12-15 05:01:35,312 - DEBUG - Expected: ZIPWITH(-,MAP(-1,x0),MAP(/3,MAP(-1,x0))), but timed out
2018-12-15 05:06:35,334 - DEBUG - Expected: ZIPWITH(+,ZIPWITH(*,x0,SORT(x0)),ZIPWITH(*,x0,SORT(x0))), but timed out
2018-12-15 05:11:35,356 - DEBUG - Expected: ZIPWITH(+,x1,ZIPWITH(-,SCAN1L(+,x0),x0)), but timed out
2018-12-15 05:11:35,363 - DEBUG - Expected: ZIPWITH(*,DROP(x2,x0),MAP(*4,x1)), Got: FILTER(>0,FILTER(<0,x0))
2018-12-15 05:16:35,379 - DEBUG - Expected: MAP(/3,ZIPWITH(min,ZIPWITH(max,x2,x0),x1)), but timed out
2018-12-15 05:21:35,401 - DEBUG - Expected: ZIPWITH(min,ZIPWITH(*,x2,x2),ZIPWITH(min,x0,x1)), but timed out
2018-12-15 05:26:35,423 - DEBUG - Expected: ZIPWITH(+,SCAN1L(-,x1),ZIPWITH(+,x1,x0)), but timed out
2018-12-15 05:31:35,444 - DEBUG - Expected: ZIPWITH(min,ZIPWITH(min,x1,x0),SCAN1L(*,x0)), but timed out
2018-12-15 05:36:35,466 - DEBUG - Expected: SCAN1L(+,MAP(/4,TAKE(x1,x0))), but timed out
2018-12-15 05:36:35,471 - DEBUG - Expected: ZIPWITH(*,DROP(x1,MAP(/2,x0)),x0), Got: DROP(x1,x0)
2018-12-15 05:41:35,491 - DEBUG - Expected: ZIPWITH(min,TAKE(x1,x0),SCAN1L(min,TAKE(x1,x0))), but timed out
2018-12-15 05:46:35,513 - DEBUG - Expected: SUM(MAP(/3,ZIPWITH(max,x0,x0))), but timed out
2018-12-15 05:50:36,484 - DEBUG - Expected: SCAN1L(-,ZIPWITH(max,x0,ZIPWITH(min,x1,x2))), Got: SCAN1L(-,ZIPWITH(max,ZIPWITH(min,x1,x2),x0))
2018-12-15 05:50:36,487 - DEBUG - Expected: ZIPWITH(-,SCAN1L(+,MAP(/3,x0)),SCAN1L(+,MAP(/3,x0))), Got: ZIPWITH(-,x0,x0)
2018-12-15 05:55:36,506 - DEBUG - Expected: MAP(+1,ZIPWITH(min,ZIPWITH(*,x1,x2),x0)), but timed out
2018-12-15 05:57:31,905 - DEBUG - Expected: DROP(x1,REVERSE(MAP(*-1,x0))), Got: DROP(x1,MAP(*-1,REVERSE(x0)))
2018-12-15 05:57:31,907 - DEBUG - Expected: MAP(/3,ZIPWITH(max,DROP(x2,x0),x1)), Got: DROP(x2,x0)
2018-12-15 06:02:31,926 - DEBUG - Expected: ZIPWITH(min,MAP(**2,x2),ZIPWITH(max,x1,x0)), but timed out
2018-12-15 06:07:31,948 - DEBUG - Expected: SCAN1L(-,SCAN1L(+,FILTER(<0,x0))), but timed out
2018-12-15 06:12:31,970 - DEBUG - Expected: ZIPWITH(*,x1,ZIPWITH(max,x0,MAP(*4,x1))), but timed out
2018-12-15 06:14:11,886 - DEBUG - Expected: ZIPWITH(-,ZIPWITH(*,x1,ZIPWITH(*,x2,x0)),ZIPWITH(*,x1,ZIPWITH(*,x2,x0))), Got: ZIPWITH(*,ZIPWITH(*,ZIPWITH(-,x0,x0),x1),x2)
2018-12-15 06:19:11,905 - DEBUG - Expected: ZIPWITH(+,x2,SCAN1L(-,ZIPWITH(*,x0,x1))), but timed out
2018-12-15 06:24:11,928 - DEBUG - Expected: MAP(*4,ZIPWITH(min,MAP(/3,x0),x0)), but timed out
2018-12-15 06:26:51,980 - DEBUG - Expected: ZIPWITH(*,ZIPWITH(-,x0,ZIPWITH(+,x2,x1)),x1), Got: ZIPWITH(*,ZIPWITH(-,ZIPWITH(-,x0,x1),x2),x1)
2018-12-15 06:31:52,000 - DEBUG - Expected: ZIPWITH(+,ZIPWITH(+,ZIPWITH(max,x1,x2),x0),x1), but timed out
2018-12-15 06:36:52,021 - DEBUG - Expected: MAP(+1,ZIPWITH(max,ZIPWITH(max,x0,x2),x1)), but timed out
2018-12-15 06:41:52,040 - DEBUG - Expected: ZIPWITH(+,ZIPWITH(+,x0,x1),MAP(*4,ZIPWITH(+,x0,x1))), but timed out
2018-12-15 16:35:48,842 - DEBUG - Starting script python -m run --program-size=3 --data-set=test --synthesizer=deepcoder
2018-12-15 16:36:11,670 - DEBUG - Got expected: MINIMUM(FILTER(ODD,MAP(+1,x0)))
2018-12-15 16:39:11,678 - DEBUG - Expected: COUNT(>0,DROP(x1,SCAN1L(*,x0))), but timed out
2018-12-15 16:41:59,231 - DEBUG - Starting script python -m run --program-size=3 --data-set=test --synthesizer=deepcoder
2018-12-15 16:42:04,545 - DEBUG - Got expected: MINIMUM(FILTER(ODD,MAP(+1,x0)))
2018-12-15 16:42:05,681 - DEBUG - Expected: COUNT(>0,DROP(x1,SCAN1L(*,x0))), Got: ACCESS(COUNT(ODD,x0),ZIPWITH(-,x0,x0))
2018-12-15 16:42:11,420 - DEBUG - Expected: TAIL(TAKE(SUM(x0),x1)), Got: ACCESS(COUNT(<0,x0),REVERSE(x1))
2018-12-15 16:42:16,499 - DEBUG - Expected: COUNT(EVEN,FILTER(>0,REVERSE(x0))), Got: COUNT(ODD,MAP(+1,FILTER(>0,x0)))
2018-12-15 16:42:16,867 - DEBUG - Expected: SUM(MAP(+1,SORT(x0))), Got: SUM(ZIPWITH(max,MAP(+1,x0),x0))
2018-12-15 16:42:27,828 - DEBUG - Expected: HEAD(SCAN1L(*,MAP(*3,x0))), Got: SUM(ZIPWITH(+,MAP(*3,x0),x0))
2018-12-15 16:42:27,846 - DEBUG - Expected: COUNT(ODD,ZIPWITH(+,ZIPWITH(*,x0,x0),x1)), Got: COUNT(ODD,ZIPWITH(+,x0,x1))
2018-12-15 16:42:28,947 - DEBUG - Expected: MINIMUM(SCAN1L(-,MAP(*2,x0))), Got: MINIMUM(MAP(*2,SCAN1L(-,x0)))
2018-12-15 16:42:28,957 - DEBUG - Expected: COUNT(>0,DROP(x2,ZIPWITH(+,x1,x0))), Got: COUNT(ODD,ZIPWITH(-,x0,x0))
2018-12-15 16:42:31,501 - DEBUG - Expected: COUNT(>0,ZIPWITH(+,x0,SCAN1L(-,x0))), Got: COUNT(>0,ZIPWITH(+,SCAN1L(-,x0),x0))
2018-12-15 16:42:31,504 - DEBUG - Expected: MAXIMUM(MAP(*4,SCAN1L(max,x0))), Got: MAXIMUM(MAP(*4,x0))
2018-12-15 16:42:43,655 - DEBUG - Expected: HEAD(ZIPWITH(max,x1,ZIPWITH(+,x1,x0))), Got: HEAD(ZIPWITH(max,ZIPWITH(+,x0,x1),x1))
2018-12-15 16:42:44,004 - DEBUG - Expected: TAIL(ZIPWITH(-,x1,ZIPWITH(-,x0,x2))), Got: TAIL(ZIPWITH(+,ZIPWITH(-,x1,x0),x2))
2018-12-15 16:42:44,019 - DEBUG - Expected: COUNT(EVEN,MAP(*3,ZIPWITH(*,x0,x1))), Got: COUNT(EVEN,ZIPWITH(*,x0,x1))
2018-12-15 16:42:47,083 - DEBUG - Expected: TAIL(MAP(*-1,REVERSE(x0))), Got: MINIMUM(MAP(*-1,SCAN1L(min,x0)))
2018-12-15 16:42:47,190 - DEBUG - Got expected: SUM(ZIPWITH(min,ZIPWITH(max,x0,x1),x2))
2018-12-15 16:42:59,410 - DEBUG - Got expected: HEAD(ZIPWITH(-,x0,FILTER(EVEN,x0)))
2018-12-15 16:43:00,980 - DEBUG - Got expected: ACCESS(COUNT(EVEN,x0),MAP(+1,x0))
2018-12-15 16:43:01,055 - DEBUG - Expected: TAIL(ZIPWITH(*,SCAN1L(*,x0),x0)), Got: ACCESS(COUNT(<0,x0),SCAN1L(*,x0))
2018-12-15 16:43:04,086 - DEBUG - Expected: MAXIMUM(MAP(+1,ZIPWITH(max,x0,x0))), Got: MAXIMUM(MAP(+1,x0))
2018-12-15 16:43:05,581 - DEBUG - Expected: COUNT(<0,ZIPWITH(max,MAP(**2,x1),x0)), Got: ACCESS(COUNT(ODD,x0),ZIPWITH(-,x0,x0))
2018-12-15 16:43:05,617 - DEBUG - Expected: MINIMUM(ZIPWITH(min,ZIPWITH(max,x1,x0),x1)), Got: MINIMUM(ZIPWITH(min,ZIPWITH(-,x0,x0),x1))
2018-12-15 16:43:05,641 - DEBUG - Expected: COUNT(>0,MAP(*-1,ZIPWITH(*,x1,x0))), Got: COUNT(<0,ZIPWITH(*,x0,x1))
2018-12-15 16:43:11,492 - DEBUG - Expected: ZIPWITH(+,x1,ZIPWITH(max,x2,ZIPWITH(*,x0,x1))), Got: ZIPWITH(+,ZIPWITH(max,ZIPWITH(*,x0,x1),x2),x1)
2018-12-15 16:43:18,993 - DEBUG - Expected: ZIPWITH(*,ZIPWITH(-,ZIPWITH(min,x2,x0),x1),x2), Got: ZIPWITH(*,ZIPWITH(-,ZIPWITH(min,x0,x2),x1),x2)
2018-12-15 16:43:19,486 - DEBUG - Expected: ZIPWITH(-,x2,ZIPWITH(-,x0,ZIPWITH(min,x1,x1))), Got: ZIPWITH(-,x1,ZIPWITH(-,x0,x2))
2018-12-15 16:45:16,819 - DEBUG - Expected: ZIPWITH(+,MAP(/2,x1),ZIPWITH(-,x0,x2)), Got: ZIPWITH(-,ZIPWITH(+,MAP(/2,x1),x0),x2)
2018-12-15 16:45:17,026 - DEBUG - Expected: ZIPWITH(max,ZIPWITH(max,x0,SCAN1L(min,x1)),ZIPWITH(max,x0,SCAN1L(min,x1))), Got: ZIPWITH(max,x0,SCAN1L(min,x1))
2018-12-15 16:45:18,351 - DEBUG - Got expected: FILTER(>0,SCAN1L(+,MAP(-1,x0)))
2018-12-15 16:48:18,359 - DEBUG - Expected: TAKE(HEAD(x0),ZIPWITH(-,x1,x0)), but timed out
2018-12-15 16:48:18,704 - DEBUG - Expected: ZIPWITH(min,ZIPWITH(*,x0,MAP(/2,x0)),x0), Got: ZIPWITH(min,ZIPWITH(-,ZIPWITH(*,x0,x0),x0),x0)
2018-12-15 16:48:19,388 - DEBUG - Expected: ZIPWITH(-,SCAN1L(+,x1),TAKE(x2,x0)), Got: ZIPWITH(-,SCAN1L(+,x1),x0)
2018-12-15 16:49:03,440 - DEBUG - Expected: ZIPWITH(max,ZIPWITH(min,FILTER(<0,x0),x1),x1), Got: ZIPWITH(min,ZIPWITH(max,FILTER(<0,x0),x1),x1)
2018-12-15 16:51:08,977 - DEBUG - Expected: ZIPWITH(*,ZIPWITH(min,x2,x0),MAP(/4,x1)), Got: ZIPWITH(*,ZIPWITH(min,x0,x2),MAP(/4,x1))
2018-12-15 16:51:09,005 - DEBUG - Expected: ZIPWITH(min,MAP(*-1,ZIPWITH(-,x0,x0)),MAP(*-1,ZIPWITH(-,x0,x0))), Got: ZIPWITH(-,x0,x0)
2018-12-15 16:51:38,636 - DEBUG - Expected: ZIPWITH(-,x1,ZIPWITH(max,x0,MAP(+1,x1))), Got: ZIPWITH(-,ZIPWITH(min,MAP(-1,x0),x1),x0)
2018-12-15 16:51:38,644 - DEBUG - Expected: MAP(/3,ZIPWITH(max,DROP(x2,x0),x1)), Got: DROP(x2,x0)
2018-12-15 16:51:40,807 - DEBUG - Expected: ZIPWITH(max,ZIPWITH(*,ZIPWITH(max,x0,x1),x1),ZIPWITH(max,x0,x1)), Got: ZIPWITH(max,ZIPWITH(*,ZIPWITH(max,x0,x1),x1),x0)
2018-12-15 16:51:56,466 - DEBUG - Got expected: SCAN1L(-,MAP(-1,REVERSE(x0)))
2018-12-15 16:52:25,512 - DEBUG - Expected: TAKE(COUNT(EVEN,ZIPWITH(min,x0,x0)),x1), Got: ZIPWITH(min,ZIPWITH(max,FILTER(EVEN,x0),x1),x1)
2018-12-15 16:52:32,442 - DEBUG - Expected: ZIPWITH(min,FILTER(>0,MAP(*2,x0)),x0), Got: ZIPWITH(min,FILTER(>0,ZIPWITH(+,x0,x0)),x0)
2018-12-15 16:52:32,449 - DEBUG - Expected: MAP(/3,ZIPWITH(min,ZIPWITH(min,x0,x0),ZIPWITH(min,x0,x0))), Got: MAP(/3,x0)
