2018-12-15 01:34:52,161 - DEBUG - Starting script python -m run --program-size=2 --data-set=test --synthesizer=deepcoder
2018-12-15 01:34:54,537 - DEBUG - Got expected: TAIL(FILTER(>0,x0))
2018-12-15 01:34:54,565 - DEBUG - Expected: COUNT(>0,FILTER(ODD,x0)), Got: COUNT(ODD,FILTER(>0,x0))
2018-12-15 01:34:54,878 - DEBUG - Got expected: MINIMUM(ZIPWITH(+,x0,x1))
2018-12-15 01:34:54,880 - DEBUG - Expected: COUNT(>0,MAP(*-1,x0)), Got: COUNT(<0,x0)
2018-12-15 01:34:55,023 - DEBUG - Got expected: TAIL(MAP(*-1,x0))
2018-12-15 01:34:55,026 - DEBUG - Expected: COUNT(>0,MAP(+1,x0)), Got: COUNT(>0,x0)
2018-12-15 01:34:55,159 - DEBUG - Got expected: HEAD(MAP(/4,x0))
2018-12-15 01:34:55,299 - DEBUG - Got expected: MAXIMUM(MAP(/4,x0))
2018-12-15 01:34:55,311 - DEBUG - Expected: MAXIMUM(ZIPWITH(-,x0,x0)), Got: COUNT(ODD,MAP(*2,x0))
2018-12-15 01:34:55,313 - DEBUG - Expected: COUNT(>0,ZIPWITH(max,x0,x0)), Got: COUNT(>0,x0)
2018-12-15 01:34:55,518 - DEBUG - Expected: TAIL(ZIPWITH(max,x0,x0)), Got: HEAD(REVERSE(x0))
2018-12-15 01:38:56,529 - DEBUG - Starting script python -m run --program-size=2 --data-set=test --synthesizer=deepcoder
2018-12-15 01:38:59,646 - DEBUG - Got expected: TAKE(COUNT(<0,x0),x0)
2018-12-15 01:38:59,985 - DEBUG - Expected: ZIPWITH(*,x0,FILTER(<0,x0)), Got: ZIPWITH(*,FILTER(<0,x0),x0)
2018-12-15 01:39:00,625 - DEBUG - Expected: ZIPWITH(*,FILTER(<0,x0),FILTER(<0,x0)), Got: MAP(**2,FILTER(<0,x0))
2018-12-15 01:39:01,160 - DEBUG - Got expected: MAP(*-1,FILTER(>0,x0))
2018-12-15 01:39:01,275 - DEBUG - Got expected: TAIL(FILTER(>0,x0))
2018-12-15 01:39:01,373 - DEBUG - Got expected: MAP(+1,FILTER(EVEN,x0))
2018-12-15 01:39:01,400 - DEBUG - Expected: COUNT(>0,FILTER(ODD,x0)), Got: COUNT(ODD,FILTER(>0,x0))
2018-12-15 01:39:01,929 - DEBUG - Got expected: MAP(*4,FILTER(ODD,x0))
2018-12-15 01:39:02,027 - DEBUG - Expected: TAKE(x1,SCAN1L(-,x0)), Got: SCAN1L(-,TAKE(x1,x0))
2018-12-15 01:39:02,771 - DEBUG - Expected: TAKE(x1,SCAN1L(max,x0)), Got: SCAN1L(max,TAKE(x1,x0))
2018-12-15 01:39:03,677 - DEBUG - Expected: REVERSE(TAKE(x1,x0)), Got: TAKE(x1,REVERSE(x0))
2018-12-15 01:39:03,679 - DEBUG - Expected: SCAN1L(*,TAKE(x1,x0)), Got: SCAN1L(*,x0)
2018-12-15 01:39:03,681 - DEBUG - Expected: ZIPWITH(+,TAKE(x1,x0),TAKE(x1,x0)), Got: ZIPWITH(+,x0,x0)
2018-12-15 01:39:05,847 - DEBUG - Got expected: TAKE(COUNT(<0,x0),x1)
2018-12-15 01:39:06,922 - DEBUG - Got expected: ZIPWITH(max,FILTER(<0,x1),x0)
2018-12-15 01:39:07,850 - DEBUG - Got expected: ZIPWITH(min,FILTER(<0,x1),x0)
2018-12-15 01:39:08,981 - DEBUG - Expected: ZIPWITH(+,x0,FILTER(>0,x1)), Got: ZIPWITH(+,FILTER(>0,x1),x0)
2018-12-15 01:39:09,904 - DEBUG - Expected: ZIPWITH(max,x0,FILTER(ODD,x1)), Got: ZIPWITH(max,FILTER(ODD,x1),x0)
2018-12-15 01:39:11,255 - DEBUG - Expected: ZIPWITH(+,x1,DROP(x2,x0)), Got: ZIPWITH(min,DROP(x2,x0),x0)
2018-12-15 01:39:12,643 - DEBUG - Expected: ZIPWITH(+,DROP(x2,x1),x0), Got: ZIPWITH(+,DROP(x2,x0),x0)
2018-12-15 01:39:12,720 - DEBUG - Got expected: ZIPWITH(-,ZIPWITH(*,x0,x1),x2)
2018-12-15 01:39:12,807 - DEBUG - Expected: ZIPWITH(*,ZIPWITH(*,x1,x2),x0), Got: ZIPWITH(*,ZIPWITH(*,x0,x1),x2)
2018-12-15 01:39:12,892 - DEBUG - Expected: ZIPWITH(+,ZIPWITH(+,x1,x2),x0), Got: ZIPWITH(+,ZIPWITH(+,x0,x1),x2)
2018-12-15 01:39:13,163 - DEBUG - Expected: ZIPWITH(*,ZIPWITH(+,x2,x1),x0), Got: ZIPWITH(*,ZIPWITH(+,x1,x2),x0)
2018-12-15 01:39:13,234 - DEBUG - Got expected: ZIPWITH(*,ZIPWITH(-,x0,x1),x2)
2018-12-15 01:39:13,317 - DEBUG - Expected: ZIPWITH(+,x0,ZIPWITH(-,x1,x2)), Got: ZIPWITH(-,ZIPWITH(+,x0,x1),x2)
2018-12-15 01:39:13,423 - DEBUG - Got expected: ZIPWITH(max,ZIPWITH(min,x0,x2),x1)
2018-12-15 01:39:13,445 - DEBUG - Expected: ZIPWITH(*,MAP(**2,x0),x1), Got: ZIPWITH(*,ZIPWITH(*,x0,x0),x1)
2018-12-15 01:39:14,123 - DEBUG - Got expected: ZIPWITH(-,MAP(*3,x0),x1)
2018-12-15 01:39:14,173 - DEBUG - Expected: ZIPWITH(*,x1,MAP(-1,x0)), Got: ZIPWITH(-,ZIPWITH(*,x0,x1),x1)
2018-12-15 01:39:14,888 - DEBUG - Got expected: ZIPWITH(max,MAP(-1,x1),x0)
2018-12-15 01:39:15,531 - DEBUG - Expected: ZIPWITH(*,x1,MAP(/3,x0)), Got: ZIPWITH(*,MAP(/3,x0),x1)
2018-12-15 01:39:16,187 - DEBUG - Got expected: ZIPWITH(-,MAP(/3,x0),x1)
2018-12-15 01:39:16,973 - DEBUG - Got expected: ZIPWITH(max,MAP(/4,x1),x0)
2018-12-15 01:39:17,689 - DEBUG - Expected: ZIPWITH(*,x1,SCAN1L(-,x0)), Got: ZIPWITH(*,SCAN1L(-,x0),x1)
2018-12-15 01:39:18,801 - DEBUG - Expected: ZIPWITH(max,x0,SCAN1L(-,x1)), Got: ZIPWITH(max,SCAN1L(-,x1),x0)
2018-12-15 01:39:19,986 - DEBUG - Got expected: ZIPWITH(max,SCAN1L(-,x1),x0)
2018-12-15 01:39:21,297 - DEBUG - Expected: ZIPWITH(*,x0,SORT(x1)), Got: ZIPWITH(*,SORT(x1),x0)
2018-12-15 01:39:23,310 - DEBUG - Got expected: TAKE(TAIL(x0),x1)
2018-12-15 01:39:23,334 - DEBUG - Expected: ZIPWITH(max,x1,ZIPWITH(*,x0,x0)), Got: ZIPWITH(max,ZIPWITH(*,x0,x0),x1)
2018-12-15 01:39:25,216 - DEBUG - Got expected: FILTER(>0,ZIPWITH(*,x0,x1))
2018-12-15 01:39:27,284 - DEBUG - Got expected: REVERSE(ZIPWITH(*,x0,x1))
2018-12-15 01:39:27,318 - DEBUG - Expected: ZIPWITH(-,ZIPWITH(*,x0,x1),ZIPWITH(*,x0,x1)), Got: ZIPWITH(*,ZIPWITH(-,x0,x0),x1)
2018-12-15 01:39:27,367 - DEBUG - Expected: ZIPWITH(+,x1,ZIPWITH(*,x1,x0)), Got: ZIPWITH(+,ZIPWITH(*,x0,x1),x1)
2018-12-15 01:39:27,724 - DEBUG - Got expected: ZIPWITH(-,x0,ZIPWITH(*,x1,x1))
2018-12-15 01:39:27,975 - DEBUG - Got expected: MINIMUM(ZIPWITH(+,x0,x1))
2018-12-15 01:39:27,999 - DEBUG - Expected: ZIPWITH(*,x1,ZIPWITH(-,x0,x0)), Got: ZIPWITH(*,ZIPWITH(-,x0,x0),x1)
2018-12-15 01:39:28,021 - DEBUG - Got expected: ZIPWITH(*,ZIPWITH(-,x0,x0),x1)
2018-12-15 01:39:28,072 - DEBUG - Expected: ZIPWITH(*,x0,ZIPWITH(-,x0,x1)), Got: ZIPWITH(*,ZIPWITH(-,x0,x1),x0)
2018-12-15 01:39:28,193 - DEBUG - Got expected: ZIPWITH(+,ZIPWITH(-,x1,x0),x1)
2018-12-15 01:39:29,621 - DEBUG - Got expected: MAP(+1,ZIPWITH(max,x0,x1))
2018-12-15 01:39:29,674 - DEBUG - Expected: ZIPWITH(*,x1,ZIPWITH(max,x1,x0)), Got: ZIPWITH(*,ZIPWITH(max,x0,x1),x1)
2018-12-15 01:39:29,677 - DEBUG - Expected: ZIPWITH(min,ZIPWITH(max,x1,x0),ZIPWITH(max,x1,x0)), Got: ZIPWITH(max,x0,x1)
2018-12-15 01:39:29,680 - DEBUG - Expected: ZIPWITH(min,x0,ZIPWITH(min,x0,x1)), Got: ZIPWITH(min,x0,x1)
2018-12-15 01:39:31,321 - DEBUG - Expected: FILTER(EVEN,ZIPWITH(min,x1,x0)), Got: FILTER(EVEN,ZIPWITH(min,x0,x1))
2018-12-15 01:39:32,683 - DEBUG - Expected: MAP(/4,ZIPWITH(min,x1,x0)), Got: MAP(/4,ZIPWITH(min,x0,x1))
2018-12-15 01:39:33,383 - DEBUG - Expected: FILTER(<0,MAP(**2,x0)), Got: FILTER(<0,SCAN1L(max,x0))
2018-12-15 01:39:33,384 - DEBUG - Expected: COUNT(>0,MAP(*-1,x0)), Got: COUNT(<0,x0)
2018-12-15 01:39:33,514 - DEBUG - Expected: SCAN1L(max,MAP(*-1,x0)), Got: MAP(*-1,SCAN1L(min,x0))
2018-12-15 01:39:33,639 - DEBUG - Got expected: TAIL(MAP(*-1,x0))
2018-12-15 01:39:34,213 - DEBUG - Expected: SCAN1L(max,MAP(*2,x0)), Got: MAP(*2,SCAN1L(max,x0))
2018-12-15 01:39:34,446 - DEBUG - Expected: ZIPWITH(*,MAP(*2,x0),MAP(*2,x0)), Got: ZIPWITH(*,MAP(*4,x0),x0)
2018-12-15 01:39:34,615 - DEBUG - Expected: ZIPWITH(min,x0,MAP(*3,x0)), Got: ZIPWITH(min,MAP(*3,x0),x0)
2018-12-15 01:39:35,117 - DEBUG - Got expected: MAP(**2,MAP(*4,x0))
2018-12-15 01:39:35,682 - DEBUG - Expected: REVERSE(MAP(*4,x0)), Got: MAP(*4,REVERSE(x0))
2018-12-15 01:39:35,688 - DEBUG - Expected: ZIPWITH(-,MAP(*4,x0),x0), Got: ZIPWITH(+,ZIPWITH(+,x0,x0),x0)
2018-12-15 01:39:35,690 - DEBUG - Expected: COUNT(>0,MAP(+1,x0)), Got: COUNT(>0,x0)
2018-12-15 01:39:36,264 - DEBUG - Expected: REVERSE(MAP(+1,x0)), Got: MAP(+1,REVERSE(x0))
2018-12-15 01:39:36,423 - DEBUG - Got expected: ZIPWITH(max,MAP(+1,x0),x0)
2018-12-15 01:39:36,988 - DEBUG - Expected: FILTER(>0,MAP(-1,x0)), Got: MAP(-1,FILTER(>0,x0))
2018-12-15 01:39:37,041 - DEBUG - Expected: FILTER(ODD,MAP(-1,x0)), Got: MAP(-1,FILTER(EVEN,x0))
2018-12-15 01:39:37,476 - DEBUG - Expected: ZIPWITH(max,MAP(/2,x0),MAP(/2,x0)), Got: MAP(/2,x0)
2018-12-15 01:39:37,597 - DEBUG - Got expected: HEAD(MAP(/4,x0))
2018-12-15 01:39:37,689 - DEBUG - Got expected: MAXIMUM(MAP(/4,x0))
2018-12-15 01:39:38,104 - DEBUG - Expected: ZIPWITH(min,MAP(/4,x0),MAP(/4,x0)), Got: MAP(/4,x0)
2018-12-15 01:39:38,666 - DEBUG - Got expected: MAP(/4,REVERSE(x0))
2018-12-15 01:39:39,312 - DEBUG - Expected: ZIPWITH(*,REVERSE(x0),REVERSE(x0)), Got: MAP(**2,REVERSE(x0))
2018-12-15 01:39:39,473 - DEBUG - Got expected: ZIPWITH(max,SCAN1L(*,x0),x0)
2018-12-15 01:39:39,936 - DEBUG - Expected: MAP(*3,SCAN1L(+,x0)), Got: SCAN1L(+,MAP(*3,x0))
2018-12-15 01:39:40,447 - DEBUG - Got expected: MAP(/4,SCAN1L(+,x0))
2018-12-15 01:39:41,139 - DEBUG - Got expected: FILTER(<0,SCAN1L(-,x0))
2018-12-15 01:39:41,660 - DEBUG - Got expected: MAP(/3,SCAN1L(max,x0))
2018-12-15 01:39:41,660 - DEBUG - Expected: ZIPWITH(min,SCAN1L(max,x0),x0), Got: x0
2018-12-15 01:39:41,665 - DEBUG - Got expected: SCAN1L(*,SCAN1L(min,x0))
2018-12-15 01:39:42,238 - DEBUG - Expected: ZIPWITH(max,x0,SORT(x0)), Got: ZIPWITH(max,SORT(x0),x0)
2018-12-15 01:39:43,005 - DEBUG - Got expected: TAKE(TAIL(x0),x0)
2018-12-15 01:39:43,449 - DEBUG - Got expected: MAP(/2,ZIPWITH(*,x0,x0))
2018-12-15 01:39:43,899 - DEBUG - Got expected: MAP(*3,ZIPWITH(+,x0,x0))
2018-12-15 01:39:44,317 - DEBUG - Got expected: SCAN1L(-,ZIPWITH(+,x0,x0))
2018-12-15 01:39:44,326 - DEBUG - Expected: ZIPWITH(max,x0,ZIPWITH(+,x0,x0)), Got: ZIPWITH(max,ZIPWITH(+,x0,x0),x0)
2018-12-15 01:39:44,329 - DEBUG - Expected: MAP(/4,ZIPWITH(-,x0,x0)), Got: ZIPWITH(-,x0,x0)
2018-12-15 01:39:44,334 - DEBUG - Expected: MAXIMUM(ZIPWITH(-,x0,x0)), Got: COUNT(ODD,MAP(*2,x0))
2018-12-15 01:39:44,334 - DEBUG - Expected: ZIPWITH(+,ZIPWITH(-,x0,x0),x0), Got: x0
2018-12-15 01:39:44,336 - DEBUG - Expected: COUNT(>0,ZIPWITH(max,x0,x0)), Got: COUNT(>0,x0)
2018-12-15 01:39:44,472 - DEBUG - Expected: TAIL(ZIPWITH(max,x0,x0)), Got: HEAD(REVERSE(x0))
2018-12-15 01:39:44,475 - DEBUG - Expected: ZIPWITH(+,ZIPWITH(max,x0,x0),x0), Got: ZIPWITH(+,x0,x0)
2018-12-15 01:39:45,053 - DEBUG - Expected: FILTER(>0,ZIPWITH(min,x0,x0)), Got: FILTER(>0,x0)
2018-12-15 01:39:45,055 - DEBUG - Expected: ZIPWITH(*,ZIPWITH(min,x0,x0),x0), Got: ZIPWITH(*,x0,x0)
2018-12-15 01:39:45,056 - DEBUG - Expected: ZIPWITH(min,ZIPWITH(min,x0,x0),x0), Got: x0
2018-12-15 12:37:05,434 - DEBUG - Starting script python -m run --program-size=2 --data-set=test --synthesizer=deepcoder
2018-12-15 12:37:07,691 - DEBUG - Expected: COUNT(>0,MAP(*-1,x0)), Got: COUNT(<0,x0)
2018-12-15 12:37:08,159 - DEBUG - Expected: TAIL(ZIPWITH(max,x0,x0)), Got: HEAD(REVERSE(x0))
2018-12-15 12:37:08,182 - DEBUG - Expected: COUNT(>0,FILTER(ODD,x0)), Got: COUNT(ODD,FILTER(>0,x0))
2018-12-15 12:37:08,183 - DEBUG - Expected: COUNT(>0,MAP(+1,x0)), Got: COUNT(>0,x0)
2018-12-15 12:37:08,706 - DEBUG - Got expected: TAIL(MAP(*-1,x0))
2018-12-15 12:37:08,708 - DEBUG - Expected: COUNT(>0,ZIPWITH(max,x0,x0)), Got: COUNT(>0,x0)
2018-12-15 12:37:10,041 - DEBUG - Got expected: MINIMUM(ZIPWITH(+,x0,x1))
2018-12-15 12:37:10,508 - DEBUG - Got expected: TAIL(FILTER(>0,x0))
2018-12-15 12:37:10,963 - DEBUG - Got expected: HEAD(MAP(/4,x0))
2018-12-15 12:37:10,968 - DEBUG - Expected: MAXIMUM(ZIPWITH(-,x0,x0)), Got: COUNT(ODD,MAP(*2,x0))
2018-12-15 12:37:11,413 - DEBUG - Got expected: MAXIMUM(MAP(/4,x0))
2018-12-15 12:37:11,734 - DEBUG - Expected: ZIPWITH(max,ZIPWITH(min,x0,x2),x1), Got: ZIPWITH(max,x1,ZIPWITH(min,x0,x2))
2018-12-15 12:37:23,210 - DEBUG - Got expected: MAP(/3,SCAN1L(max,x0))
2018-12-15 12:37:35,448 - DEBUG - Expected: SCAN1L(max,MAP(*2,x0)), Got: ZIPWITH(+,SCAN1L(max,x0),SCAN1L(max,x0))
2018-12-15 12:37:35,501 - DEBUG - Expected: ZIPWITH(*,MAP(*2,x0),MAP(*2,x0)), Got: ZIPWITH(*,x0,MAP(*4,x0))
2018-12-15 12:38:06,880 - DEBUG - Expected: MAP(/4,ZIPWITH(min,x1,x0)), Got: ZIPWITH(min,MAP(/4,x0),MAP(/4,x1))
2018-12-15 12:38:07,164 - DEBUG - Got expected: ZIPWITH(*,x1,MAP(/3,x0))
2018-12-15 12:38:07,178 - DEBUG - Got expected: ZIPWITH(*,x0,ZIPWITH(-,x0,x1))
2018-12-15 12:38:07,223 - DEBUG - Expected: ZIPWITH(*,x1,ZIPWITH(-,x0,x0)), Got: ZIPWITH(*,x0,ZIPWITH(-,x1,x1))
2018-12-15 12:38:19,027 - DEBUG - Expected: REVERSE(MAP(+1,x0)), Got: MAP(+1,REVERSE(x0))
2018-12-15 12:38:19,030 - DEBUG - Expected: ZIPWITH(min,ZIPWITH(min,x0,x0),x0), Got: x0
2018-12-15 12:38:19,132 - DEBUG - Expected: ZIPWITH(max,MAP(-1,x1),x0), Got: ZIPWITH(max,x0,MAP(-1,x1))
2018-12-15 12:38:19,146 - DEBUG - Expected: ZIPWITH(*,MAP(**2,x0),x1), Got: ZIPWITH(*,x0,ZIPWITH(*,x0,x1))
2018-12-15 12:38:19,148 - DEBUG - Expected: SCAN1L(*,TAKE(x1,x0)), Got: SCAN1L(*,x0)
2018-12-15 12:38:19,384 - DEBUG - Expected: ZIPWITH(*,x1,ZIPWITH(max,x1,x0)), Got: ZIPWITH(*,x1,ZIPWITH(max,x0,x1))
2018-12-15 12:38:19,387 - DEBUG - Expected: ZIPWITH(+,ZIPWITH(max,x0,x0),x0), Got: ZIPWITH(+,x0,x0)
2018-12-15 12:38:19,474 - DEBUG - Expected: TAKE(x1,SCAN1L(-,x0)), Got: SCAN1L(-,TAKE(x1,x0))
2018-12-15 12:38:19,564 - DEBUG - Got expected: MAP(+1,FILTER(EVEN,x0))
2018-12-15 12:38:19,730 - DEBUG - Got expected: ZIPWITH(+,x0,FILTER(>0,x1))
2018-12-15 12:38:26,580 - DEBUG - Expected: MAP(**2,MAP(*4,x0)), Got: ZIPWITH(*,MAP(*4,x0),MAP(*4,x0))
2018-12-15 12:38:36,363 - DEBUG - Expected: REVERSE(TAKE(x1,x0)), Got: ZIPWITH(+,ZIPWITH(-,x0,x0),REVERSE(x0))
2018-12-15 12:38:49,149 - DEBUG - Got expected: MAP(/4,REVERSE(x0))
2018-12-15 12:38:49,156 - DEBUG - Expected: ZIPWITH(min,x0,ZIPWITH(min,x0,x1)), Got: ZIPWITH(min,x0,x1)
2018-12-15 12:38:49,214 - DEBUG - Expected: ZIPWITH(*,ZIPWITH(*,x1,x2),x0), Got: ZIPWITH(*,x0,ZIPWITH(*,x1,x2))
2018-12-15 12:38:49,251 - DEBUG - Expected: ZIPWITH(max,SCAN1L(*,x0),x0), Got: ZIPWITH(max,x0,SCAN1L(*,x0))
2018-12-15 12:38:49,258 - DEBUG - Got expected: ZIPWITH(max,x0,ZIPWITH(+,x0,x0))
2018-12-15 12:38:49,321 - DEBUG - Expected: ZIPWITH(+,ZIPWITH(+,x1,x2),x0), Got: ZIPWITH(+,x0,ZIPWITH(+,x1,x2))
2018-12-15 12:38:49,405 - DEBUG - Expected: ZIPWITH(*,ZIPWITH(+,x2,x1),x0), Got: ZIPWITH(*,x0,ZIPWITH(+,x1,x2))
2018-12-15 12:39:02,104 - DEBUG - Expected: FILTER(>0,MAP(-1,x0)), Got: MAP(-1,FILTER(>0,x0))
2018-12-15 12:39:02,267 - DEBUG - Expected: ZIPWITH(max,SCAN1L(-,x1),x0), Got: ZIPWITH(max,x0,SCAN1L(-,x1))
2018-12-15 12:39:16,928 - DEBUG - Got expected: MAP(/2,ZIPWITH(*,x0,x0))
2018-12-15 12:39:17,285 - DEBUG - Got expected: ZIPWITH(*,x1,SCAN1L(-,x0))
2018-12-15 12:40:05,865 - DEBUG - Got expected: TAKE(TAIL(x0),x1)
2018-12-15 12:40:06,070 - DEBUG - Expected: ZIPWITH(+,x1,DROP(x2,x0)), Got: ZIPWITH(min,x0,DROP(x2,x0))
2018-12-15 12:40:06,727 - DEBUG - Expected: ZIPWITH(*,ZIPWITH(-,x0,x1),x2), Got: ZIPWITH(*,x2,ZIPWITH(-,x0,x1))
2018-12-15 12:40:17,642 - DEBUG - Got expected: ZIPWITH(*,FILTER(<0,x0),FILTER(<0,x0))
2018-12-15 12:40:17,692 - DEBUG - Expected: ZIPWITH(*,ZIPWITH(-,x0,x0),x1), Got: ZIPWITH(*,x0,ZIPWITH(-,x1,x1))
2018-12-15 12:40:29,210 - DEBUG - Got expected: ZIPWITH(*,REVERSE(x0),REVERSE(x0))
2018-12-15 12:40:29,760 - DEBUG - Expected: MAP(*3,ZIPWITH(+,x0,x0)), Got: ZIPWITH(+,ZIPWITH(+,x0,x0),MAP(*4,x0))
2018-12-15 12:40:58,467 - DEBUG - Expected: MAP(+1,ZIPWITH(max,x0,x1)), Got: ZIPWITH(max,MAP(+1,x0),MAP(+1,x1))
2018-12-15 20:42:41,910 - DEBUG - Starting script python -m run --program-size=2 --data-set=test --synthesizer=deepcoder
2018-12-15 20:42:55,507 - DEBUG - Starting script python -m run --program-size=2 --data-set=test --synthesizer=deepcoder
2018-12-15 20:42:59,583 - DEBUG - Expected: COUNT(>0,MAP(*-1,x0)), Got: COUNT(<0,x0)
2018-12-15 20:42:59,722 - DEBUG - Expected: TAIL(ZIPWITH(max,x0,x0)), Got: HEAD(REVERSE(x0))
2018-12-15 20:42:59,749 - DEBUG - Expected: COUNT(>0,FILTER(ODD,x0)), Got: COUNT(ODD,FILTER(>0,x0))
2018-12-15 20:42:59,751 - DEBUG - Expected: COUNT(>0,MAP(+1,x0)), Got: COUNT(>0,x0)
2018-12-15 20:42:59,894 - DEBUG - Got expected: TAIL(MAP(*-1,x0))
2018-12-15 20:42:59,896 - DEBUG - Expected: COUNT(>0,ZIPWITH(max,x0,x0)), Got: COUNT(>0,x0)
2018-12-15 20:43:00,187 - DEBUG - Got expected: MINIMUM(ZIPWITH(+,x0,x1))
2018-12-15 20:43:00,342 - DEBUG - Got expected: TAIL(FILTER(>0,x0))
2018-12-15 20:43:00,473 - DEBUG - Got expected: HEAD(MAP(/4,x0))
2018-12-15 20:43:00,481 - DEBUG - Expected: MAXIMUM(ZIPWITH(-,x0,x0)), Got: COUNT(ODD,MAP(*2,x0))
2018-12-15 20:43:00,596 - DEBUG - Got expected: MAXIMUM(MAP(/4,x0))
2018-12-15 20:43:00,718 - DEBUG - Got expected: ZIPWITH(max,ZIPWITH(min,x0,x2),x1)
2018-12-15 20:43:01,385 - DEBUG - Got expected: MAP(/3,SCAN1L(max,x0))
2018-12-15 20:43:02,015 - DEBUG - Expected: SCAN1L(max,MAP(*2,x0)), Got: MAP(*2,SCAN1L(max,x0))
2018-12-15 20:43:02,274 - DEBUG - Expected: ZIPWITH(*,MAP(*2,x0),MAP(*2,x0)), Got: ZIPWITH(*,MAP(*4,x0),x0)
2018-12-15 20:43:03,729 - DEBUG - Expected: MAP(/4,ZIPWITH(min,x1,x0)), Got: MAP(/4,ZIPWITH(min,x0,x1))
2018-12-15 20:43:04,452 - DEBUG - Expected: ZIPWITH(*,x1,MAP(/3,x0)), Got: ZIPWITH(*,MAP(/3,x0),x1)
2018-12-15 20:43:04,497 - DEBUG - Expected: ZIPWITH(*,x0,ZIPWITH(-,x0,x1)), Got: ZIPWITH(*,ZIPWITH(-,x0,x1),x0)
2018-12-15 20:43:04,522 - DEBUG - Expected: ZIPWITH(*,x1,ZIPWITH(-,x0,x0)), Got: ZIPWITH(*,ZIPWITH(-,x0,x0),x1)
2018-12-15 20:43:05,182 - DEBUG - Expected: REVERSE(MAP(+1,x0)), Got: MAP(+1,REVERSE(x0))
2018-12-15 20:43:05,184 - DEBUG - Expected: ZIPWITH(min,ZIPWITH(min,x0,x0),x0), Got: x0
2018-12-15 20:43:05,944 - DEBUG - Got expected: ZIPWITH(max,MAP(-1,x1),x0)
2018-12-15 20:43:05,967 - DEBUG - Expected: ZIPWITH(*,MAP(**2,x0),x1), Got: ZIPWITH(*,ZIPWITH(*,x0,x0),x1)
2018-12-15 20:43:05,968 - DEBUG - Expected: SCAN1L(*,TAKE(x1,x0)), Got: SCAN1L(*,x0)
2018-12-15 20:43:06,031 - DEBUG - Expected: ZIPWITH(*,x1,ZIPWITH(max,x1,x0)), Got: ZIPWITH(*,ZIPWITH(max,x0,x1),x1)
2018-12-15 20:43:06,034 - DEBUG - Expected: ZIPWITH(+,ZIPWITH(max,x0,x0),x0), Got: ZIPWITH(+,x0,x0)
2018-12-15 20:43:06,132 - DEBUG - Expected: TAKE(x1,SCAN1L(-,x0)), Got: SCAN1L(-,TAKE(x1,x0))
2018-12-15 20:43:06,246 - DEBUG - Got expected: MAP(+1,FILTER(EVEN,x0))
2018-12-15 20:43:07,505 - DEBUG - Expected: ZIPWITH(+,x0,FILTER(>0,x1)), Got: ZIPWITH(+,FILTER(>0,x1),x0)
2018-12-15 20:43:08,060 - DEBUG - Got expected: MAP(**2,MAP(*4,x0))
2018-12-15 20:43:09,054 - DEBUG - Expected: REVERSE(TAKE(x1,x0)), Got: TAKE(x1,REVERSE(x0))
2018-12-15 20:43:09,725 - DEBUG - Got expected: MAP(/4,REVERSE(x0))
2018-12-15 20:43:09,728 - DEBUG - Expected: ZIPWITH(min,x0,ZIPWITH(min,x0,x1)), Got: ZIPWITH(min,x0,x1)
2018-12-15 20:43:09,817 - DEBUG - Expected: ZIPWITH(*,ZIPWITH(*,x1,x2),x0), Got: ZIPWITH(*,ZIPWITH(*,x0,x1),x2)
2018-12-15 20:43:10,001 - DEBUG - Got expected: ZIPWITH(max,SCAN1L(*,x0),x0)
2018-12-15 20:43:10,012 - DEBUG - Expected: ZIPWITH(max,x0,ZIPWITH(+,x0,x0)), Got: ZIPWITH(max,ZIPWITH(+,x0,x0),x0)
2018-12-15 20:43:10,107 - DEBUG - Expected: ZIPWITH(+,ZIPWITH(+,x1,x2),x0), Got: ZIPWITH(+,ZIPWITH(+,x0,x1),x2)
2018-12-15 20:43:10,427 - DEBUG - Expected: ZIPWITH(*,ZIPWITH(+,x2,x1),x0), Got: ZIPWITH(*,ZIPWITH(+,x1,x2),x0)
2018-12-15 20:43:10,994 - DEBUG - Expected: FILTER(>0,MAP(-1,x0)), Got: MAP(-1,FILTER(>0,x0))
2018-12-15 20:43:12,231 - DEBUG - Got expected: ZIPWITH(max,SCAN1L(-,x1),x0)
2018-12-15 20:43:12,725 - DEBUG - Got expected: MAP(/2,ZIPWITH(*,x0,x0))
2018-12-15 20:43:13,502 - DEBUG - Expected: ZIPWITH(*,x1,SCAN1L(-,x0)), Got: ZIPWITH(*,SCAN1L(-,x0),x1)
2018-12-15 20:43:15,814 - DEBUG - Got expected: TAKE(TAIL(x0),x1)
2018-12-15 20:43:17,363 - DEBUG - Expected: ZIPWITH(+,x1,DROP(x2,x0)), Got: ZIPWITH(min,DROP(x2,x0),x0)
2018-12-15 20:43:17,451 - DEBUG - Got expected: ZIPWITH(*,ZIPWITH(-,x0,x1),x2)
2018-12-15 20:43:18,181 - DEBUG - Expected: ZIPWITH(*,FILTER(<0,x0),FILTER(<0,x0)), Got: MAP(**2,FILTER(<0,x0))
2018-12-15 20:43:18,206 - DEBUG - Got expected: ZIPWITH(*,ZIPWITH(-,x0,x0),x1)
2018-12-15 20:43:18,974 - DEBUG - Expected: ZIPWITH(*,REVERSE(x0),REVERSE(x0)), Got: MAP(**2,REVERSE(x0))
2018-12-15 20:43:19,463 - DEBUG - Got expected: MAP(*3,ZIPWITH(+,x0,x0))
2018-12-15 20:43:21,023 - DEBUG - Got expected: MAP(+1,ZIPWITH(max,x0,x1))
