2018-12-15 01:35:34,607 - DEBUG - Starting script python -m run --program-size=2 --data-set=test --synthesizer=neo
2018-12-15 01:35:38,118 - DEBUG - Got expected: TAIL(FILTER(>0,x0))
2018-12-15 01:35:38,201 - DEBUG - Expected: COUNT(>0,FILTER(ODD,x0)), Got: COUNT(ODD,FILTER(>0,x0))
2018-12-15 01:35:40,821 - DEBUG - Got expected: MINIMUM(ZIPWITH(+,x0,x1))
2018-12-15 01:35:40,845 - DEBUG - Expected: COUNT(>0,MAP(*-1,x0)), Got: COUNT(<0,x0)
2018-12-15 01:35:42,170 - DEBUG - Got expected: TAIL(MAP(*-1,x0))
2018-12-15 01:35:42,191 - DEBUG - Expected: COUNT(>0,MAP(+1,x0)), Got: COUNT(>0,x0)
2018-12-15 01:35:43,267 - DEBUG - Got expected: HEAD(MAP(/4,x0))
2018-12-15 01:35:44,218 - DEBUG - Got expected: MAXIMUM(MAP(/4,x0))
2018-12-15 01:35:44,253 - DEBUG - Expected: MAXIMUM(ZIPWITH(-,x0,x0)), Got: COUNT(ODD,MAP(*2,x0))
2018-12-15 01:35:44,274 - DEBUG - Expected: COUNT(>0,ZIPWITH(max,x0,x0)), Got: COUNT(>0,x0)
2018-12-15 01:35:45,770 - DEBUG - Expected: TAIL(ZIPWITH(max,x0,x0)), Got: TAIL(ZIPWITH(min,x0,x0))
2018-12-15 01:39:46,972 - DEBUG - Starting script python -m run --program-size=2 --data-set=test --synthesizer=neo
2018-12-15 01:39:51,756 - DEBUG - Got expected: TAKE(COUNT(<0,x0),x0)
2018-12-15 01:39:52,122 - DEBUG - Expected: ZIPWITH(*,x0,FILTER(<0,x0)), Got: ZIPWITH(*,FILTER(<0,x0),x0)
2018-12-15 01:39:56,068 - DEBUG - Expected: ZIPWITH(*,FILTER(<0,x0),FILTER(<0,x0)), Got: MAP(**2,FILTER(<0,x0))
2018-12-15 01:39:59,349 - DEBUG - Got expected: MAP(*-1,FILTER(>0,x0))
2018-12-15 01:40:00,412 - DEBUG - Got expected: TAIL(FILTER(>0,x0))
2018-12-15 01:40:00,763 - DEBUG - Got expected: MAP(+1,FILTER(EVEN,x0))
2018-12-15 01:40:00,864 - DEBUG - Expected: COUNT(>0,FILTER(ODD,x0)), Got: COUNT(ODD,FILTER(>0,x0))
2018-12-15 01:40:04,116 - DEBUG - Got expected: MAP(*4,FILTER(ODD,x0))
2018-12-15 01:40:12,566 - DEBUG - Expected: TAKE(x1,SCAN1L(-,x0)), but not found
2018-12-15 01:40:15,452 - DEBUG - Expected: TAKE(x1,SCAN1L(max,x0)), Got: SCAN1L(max,TAKE(x1,x0))
2018-12-15 01:40:27,003 - DEBUG - Expected: REVERSE(TAKE(x1,x0)), Got: REVERSE(x0)
2018-12-15 01:40:27,035 - DEBUG - Expected: SCAN1L(*,TAKE(x1,x0)), Got: SCAN1L(*,x0)
2018-12-15 01:40:27,067 - DEBUG - Expected: ZIPWITH(+,TAKE(x1,x0),TAKE(x1,x0)), Got: ZIPWITH(+,x0,x0)
2018-12-15 01:40:33,844 - DEBUG - Got expected: TAKE(COUNT(<0,x0),x1)
2018-12-15 01:40:36,337 - DEBUG - Got expected: ZIPWITH(max,FILTER(<0,x1),x0)
2018-12-15 01:40:38,760 - DEBUG - Got expected: ZIPWITH(min,FILTER(<0,x1),x0)
2018-12-15 01:40:41,645 - DEBUG - Expected: ZIPWITH(+,x0,FILTER(>0,x1)), Got: ZIPWITH(+,FILTER(>0,x1),x0)
2018-12-15 01:40:43,833 - DEBUG - Expected: ZIPWITH(max,x0,FILTER(ODD,x1)), Got: ZIPWITH(max,FILTER(ODD,x1),x0)
2018-12-15 01:41:25,844 - DEBUG - Expected: ZIPWITH(+,x1,DROP(x2,x0)), Got: FILTER(ODD,ZIPWITH(+,x0,x0))
2018-12-15 01:42:09,254 - DEBUG - Expected: ZIPWITH(+,DROP(x2,x1),x0), Got: FILTER(ODD,ZIPWITH(+,x0,x0))
2018-12-15 01:42:09,609 - DEBUG - Got expected: ZIPWITH(-,ZIPWITH(*,x0,x1),x2)
2018-12-15 01:42:35,910 - DEBUG - Expected: ZIPWITH(*,ZIPWITH(*,x1,x2),x0), Got: ZIPWITH(*,x0,ZIPWITH(*,x2,x1))
2018-12-15 01:42:36,397 - DEBUG - Expected: ZIPWITH(+,ZIPWITH(+,x1,x2),x0), Got: ZIPWITH(+,ZIPWITH(+,x0,x1),x2)
2018-12-15 01:42:38,016 - DEBUG - Expected: ZIPWITH(*,ZIPWITH(+,x2,x1),x0), Got: ZIPWITH(*,ZIPWITH(+,x1,x2),x0)
2018-12-15 01:42:38,510 - DEBUG - Got expected: ZIPWITH(*,ZIPWITH(-,x0,x1),x2)
2018-12-15 01:42:51,262 - DEBUG - Got expected: ZIPWITH(+,x0,ZIPWITH(-,x1,x2))
2018-12-15 01:42:51,900 - DEBUG - Got expected: ZIPWITH(max,ZIPWITH(min,x0,x2),x1)
2018-12-15 01:42:52,019 - DEBUG - Expected: ZIPWITH(*,MAP(**2,x0),x1), Got: ZIPWITH(*,ZIPWITH(*,x0,x0),x1)
2018-12-15 01:42:54,327 - DEBUG - Got expected: ZIPWITH(-,MAP(*3,x0),x1)
2018-12-15 01:42:54,557 - DEBUG - Expected: ZIPWITH(*,x1,MAP(-1,x0)), Got: ZIPWITH(-,ZIPWITH(*,x0,x1),x1)
2018-12-15 01:42:57,026 - DEBUG - Got expected: ZIPWITH(max,MAP(-1,x1),x0)
2018-12-15 01:42:59,367 - DEBUG - Expected: ZIPWITH(*,x1,MAP(/3,x0)), Got: ZIPWITH(*,MAP(/3,x0),x1)
2018-12-15 01:43:06,995 - DEBUG - Got expected: ZIPWITH(-,MAP(/3,x0),x1)
2018-12-15 01:43:09,828 - DEBUG - Got expected: ZIPWITH(max,MAP(/4,x1),x0)
2018-12-15 01:43:12,372 - DEBUG - Expected: ZIPWITH(*,x1,SCAN1L(-,x0)), Got: ZIPWITH(*,SCAN1L(-,x0),x1)
2018-12-15 01:43:15,749 - DEBUG - Expected: ZIPWITH(max,x0,SCAN1L(-,x1)), Got: ZIPWITH(max,SCAN1L(-,x1),x0)
2018-12-15 01:43:19,658 - DEBUG - Got expected: ZIPWITH(max,SCAN1L(-,x1),x0)
2018-12-15 01:43:24,112 - DEBUG - Expected: ZIPWITH(*,x0,SORT(x1)), Got: ZIPWITH(*,SORT(x1),x0)
2018-12-15 01:43:43,380 - DEBUG - Got expected: TAKE(TAIL(x0),x1)
2018-12-15 01:43:48,602 - DEBUG - Expected: ZIPWITH(max,x1,ZIPWITH(*,x0,x0)), Got: ZIPWITH(max,x1,MAP(**2,x0))
2018-12-15 01:44:20,554 - DEBUG - Got expected: FILTER(>0,ZIPWITH(*,x0,x1))
2018-12-15 01:44:38,281 - DEBUG - Expected: REVERSE(ZIPWITH(*,x0,x1)), but not found
2018-12-15 01:44:38,402 - DEBUG - Expected: ZIPWITH(-,ZIPWITH(*,x0,x1),ZIPWITH(*,x0,x1)), Got: ZIPWITH(*,ZIPWITH(-,x0,x0),x1)
2018-12-15 01:44:38,624 - DEBUG - Expected: ZIPWITH(+,x1,ZIPWITH(*,x1,x0)), Got: ZIPWITH(+,ZIPWITH(*,x0,x1),x1)
2018-12-15 01:44:44,261 - DEBUG - Expected: ZIPWITH(-,x0,ZIPWITH(*,x1,x1)), Got: ZIPWITH(-,x0,MAP(**2,x1))
2018-12-15 01:44:46,778 - DEBUG - Got expected: MINIMUM(ZIPWITH(+,x0,x1))
2018-12-15 01:44:46,900 - DEBUG - Expected: ZIPWITH(*,x1,ZIPWITH(-,x0,x0)), Got: ZIPWITH(*,ZIPWITH(-,x0,x0),x1)
2018-12-15 01:44:47,025 - DEBUG - Got expected: ZIPWITH(*,ZIPWITH(-,x0,x0),x1)
2018-12-15 01:44:47,279 - DEBUG - Expected: ZIPWITH(*,x0,ZIPWITH(-,x0,x1)), Got: ZIPWITH(*,ZIPWITH(-,x0,x1),x0)
2018-12-15 01:44:47,725 - DEBUG - Got expected: ZIPWITH(+,ZIPWITH(-,x1,x0),x1)
2018-12-15 01:44:52,632 - DEBUG - Got expected: MAP(+1,ZIPWITH(max,x0,x1))
2018-12-15 01:44:52,838 - DEBUG - Expected: ZIPWITH(*,x1,ZIPWITH(max,x1,x0)), Got: ZIPWITH(*,ZIPWITH(max,x0,x1),x1)
2018-12-15 01:44:52,877 - DEBUG - Expected: ZIPWITH(min,ZIPWITH(max,x1,x0),ZIPWITH(max,x1,x0)), Got: ZIPWITH(max,x0,x1)
2018-12-15 01:44:52,917 - DEBUG - Expected: ZIPWITH(min,x0,ZIPWITH(min,x0,x1)), Got: ZIPWITH(min,x0,x1)
2018-12-15 01:45:20,158 - DEBUG - Expected: FILTER(EVEN,ZIPWITH(min,x1,x0)), Got: FILTER(EVEN,ZIPWITH(min,x0,x1))
2018-12-15 01:45:25,074 - DEBUG - Expected: MAP(/4,ZIPWITH(min,x1,x0)), Got: MAP(/4,ZIPWITH(min,x0,x1))
2018-12-15 01:45:31,145 - DEBUG - Expected: FILTER(<0,MAP(**2,x0)), Got: FILTER(<0,SCAN1L(max,x0))
2018-12-15 01:45:31,169 - DEBUG - Expected: COUNT(>0,MAP(*-1,x0)), Got: COUNT(<0,x0)
2018-12-15 01:45:31,584 - DEBUG - Expected: SCAN1L(max,MAP(*-1,x0)), Got: MAP(*-1,SCAN1L(min,x0))
2018-12-15 01:45:32,833 - DEBUG - Got expected: TAIL(MAP(*-1,x0))
2018-12-15 01:45:35,228 - DEBUG - Expected: SCAN1L(max,MAP(*2,x0)), Got: MAP(*2,SCAN1L(max,x0))
2018-12-15 01:45:36,017 - DEBUG - Expected: ZIPWITH(*,MAP(*2,x0),MAP(*2,x0)), Got: ZIPWITH(*,MAP(*4,x0),x0)
2018-12-15 01:45:36,557 - DEBUG - Expected: ZIPWITH(min,x0,MAP(*3,x0)), Got: ZIPWITH(min,MAP(*3,x0),x0)
2018-12-15 01:45:38,634 - DEBUG - Got expected: MAP(**2,MAP(*4,x0))
2018-12-15 01:45:41,345 - DEBUG - Expected: REVERSE(MAP(*4,x0)), Got: MAP(*4,REVERSE(x0))
2018-12-15 01:45:41,401 - DEBUG - Expected: ZIPWITH(-,MAP(*4,x0),x0), Got: ZIPWITH(+,ZIPWITH(+,x0,x0),x0)
2018-12-15 01:45:41,422 - DEBUG - Expected: COUNT(>0,MAP(+1,x0)), Got: COUNT(>0,x0)
2018-12-15 01:45:44,016 - DEBUG - Expected: REVERSE(MAP(+1,x0)), Got: MAP(+1,REVERSE(x0))
2018-12-15 01:45:44,567 - DEBUG - Got expected: ZIPWITH(max,MAP(+1,x0),x0)
2018-12-15 01:45:47,783 - DEBUG - Expected: FILTER(>0,MAP(-1,x0)), Got: MAP(-1,FILTER(>0,x0))
2018-12-15 01:45:47,935 - DEBUG - Expected: FILTER(ODD,MAP(-1,x0)), Got: MAP(-1,FILTER(EVEN,x0))
2018-12-15 01:45:49,677 - DEBUG - Expected: ZIPWITH(max,MAP(/2,x0),MAP(/2,x0)), Got: MAP(/2,x0)
2018-12-15 01:45:50,711 - DEBUG - Got expected: HEAD(MAP(/4,x0))
2018-12-15 01:45:51,587 - DEBUG - Got expected: MAXIMUM(MAP(/4,x0))
2018-12-15 01:45:53,280 - DEBUG - Expected: ZIPWITH(min,MAP(/4,x0),MAP(/4,x0)), Got: MAP(/4,x0)
2018-12-15 01:45:56,139 - DEBUG - Got expected: MAP(/4,REVERSE(x0))
2018-12-15 01:45:59,430 - DEBUG - Expected: ZIPWITH(*,REVERSE(x0),REVERSE(x0)), Got: MAP(**2,REVERSE(x0))
2018-12-15 01:45:59,936 - DEBUG - Got expected: ZIPWITH(max,SCAN1L(*,x0),x0)
2018-12-15 01:46:01,924 - DEBUG - Expected: MAP(*3,SCAN1L(+,x0)), Got: SCAN1L(+,MAP(*3,x0))
2018-12-15 01:46:04,131 - DEBUG - Got expected: MAP(/4,SCAN1L(+,x0))
2018-12-15 01:46:09,492 - DEBUG - Got expected: FILTER(<0,SCAN1L(-,x0))
2018-12-15 01:46:12,034 - DEBUG - Got expected: MAP(/3,SCAN1L(max,x0))
2018-12-15 01:46:12,050 - DEBUG - Expected: ZIPWITH(min,SCAN1L(max,x0),x0), Got: x0
2018-12-15 01:46:12,082 - DEBUG - Got expected: SCAN1L(*,SCAN1L(min,x0))
2018-12-15 01:46:14,207 - DEBUG - Expected: ZIPWITH(max,x0,SORT(x0)), Got: ZIPWITH(max,SORT(x0),x0)
2018-12-15 01:46:20,247 - DEBUG - Got expected: TAKE(TAIL(x0),x0)
2018-12-15 01:46:21,985 - DEBUG - Got expected: MAP(/2,ZIPWITH(*,x0,x0))
2018-12-15 01:46:23,696 - DEBUG - Got expected: MAP(*3,ZIPWITH(+,x0,x0))
2018-12-15 01:46:25,389 - DEBUG - Got expected: SCAN1L(-,ZIPWITH(+,x0,x0))
2018-12-15 01:46:25,451 - DEBUG - Expected: ZIPWITH(max,x0,ZIPWITH(+,x0,x0)), Got: ZIPWITH(max,ZIPWITH(+,x0,x0),x0)
2018-12-15 01:46:25,483 - DEBUG - Expected: MAP(/4,ZIPWITH(-,x0,x0)), Got: ZIPWITH(-,x0,x0)
2018-12-15 01:46:25,527 - DEBUG - Expected: MAXIMUM(ZIPWITH(-,x0,x0)), Got: COUNT(ODD,MAP(*2,x0))
2018-12-15 01:46:25,542 - DEBUG - Expected: ZIPWITH(+,ZIPWITH(-,x0,x0),x0), Got: x0
2018-12-15 01:46:25,562 - DEBUG - Expected: COUNT(>0,ZIPWITH(max,x0,x0)), Got: COUNT(>0,x0)
2018-12-15 01:46:26,990 - DEBUG - Expected: TAIL(ZIPWITH(max,x0,x0)), Got: TAIL(ZIPWITH(min,x0,x0))
2018-12-15 01:46:27,027 - DEBUG - Expected: ZIPWITH(+,ZIPWITH(max,x0,x0),x0), Got: ZIPWITH(+,x0,x0)
2018-12-15 01:46:31,403 - DEBUG - Expected: FILTER(>0,ZIPWITH(min,x0,x0)), Got: FILTER(>0,x0)
2018-12-15 01:46:31,431 - DEBUG - Expected: ZIPWITH(*,ZIPWITH(min,x0,x0),x0), Got: ZIPWITH(*,x0,x0)
2018-12-15 01:46:31,446 - DEBUG - Expected: ZIPWITH(min,ZIPWITH(min,x0,x0),x0), Got: x0
2018-12-15 12:41:00,384 - DEBUG - Starting script python -m run --program-size=2 --data-set=test --synthesizer=neo
2018-12-15 12:41:02,874 - DEBUG - Expected: COUNT(>0,MAP(*-1,x0)), Got: COUNT(<0,x0)
2018-12-15 12:41:13,669 - DEBUG - Expected: TAIL(ZIPWITH(max,x0,x0)), Got: HEAD(REVERSE(x0))
2018-12-15 12:41:13,759 - DEBUG - Expected: COUNT(>0,FILTER(ODD,x0)), Got: COUNT(ODD,FILTER(>0,x0))
2018-12-15 12:41:13,782 - DEBUG - Expected: COUNT(>0,MAP(+1,x0)), Got: COUNT(>0,x0)
2018-12-15 12:41:24,868 - DEBUG - Got expected: TAIL(MAP(*-1,x0))
2018-12-15 12:41:24,902 - DEBUG - Expected: COUNT(>0,ZIPWITH(max,x0,x0)), Got: COUNT(>0,x0)
2018-12-15 12:41:57,779 - DEBUG - Got expected: MINIMUM(ZIPWITH(+,x0,x1))
2018-12-15 12:42:05,213 - DEBUG - Got expected: TAIL(FILTER(>0,x0))
2018-12-15 12:42:15,582 - DEBUG - Got expected: HEAD(MAP(/4,x0))
2018-12-15 12:42:15,615 - DEBUG - Expected: MAXIMUM(ZIPWITH(-,x0,x0)), Got: COUNT(ODD,MAP(*2,x0))
2018-12-15 12:42:26,891 - DEBUG - Got expected: MAXIMUM(MAP(/4,x0))
2018-12-15 12:42:28,515 - DEBUG - Expected: ZIPWITH(max,ZIPWITH(min,x0,x2),x1), Got: ZIPWITH(max,x1,ZIPWITH(min,x0,x2))
2018-12-15 12:44:37,684 - DEBUG - Got expected: MAP(/3,SCAN1L(max,x0))
2018-12-15 12:46:14,305 - DEBUG - Expected: SCAN1L(max,MAP(*2,x0)), Got: ZIPWITH(+,SCAN1L(max,x0),SCAN1L(max,x0))
2018-12-15 12:46:14,516 - DEBUG - Expected: ZIPWITH(*,MAP(*2,x0),MAP(*2,x0)), Got: ZIPWITH(*,x0,MAP(*4,x0))
2018-12-15 12:48:25,508 - DEBUG - Expected: MAP(/4,ZIPWITH(min,x1,x0)), Got: ZIPWITH(min,MAP(/4,x0),MAP(/4,x1))
2018-12-15 12:48:26,681 - DEBUG - Got expected: ZIPWITH(*,x1,MAP(/3,x0))
2018-12-15 12:48:26,771 - DEBUG - Got expected: ZIPWITH(*,x0,ZIPWITH(-,x0,x1))
2018-12-15 12:48:26,955 - DEBUG - Expected: ZIPWITH(*,x1,ZIPWITH(-,x0,x0)), Got: ZIPWITH(*,x0,ZIPWITH(-,x1,x1))
2018-12-15 12:50:20,697 - DEBUG - Expected: REVERSE(MAP(+1,x0)), Got: MAP(+1,REVERSE(x0))
2018-12-15 12:50:20,714 - DEBUG - Expected: ZIPWITH(min,ZIPWITH(min,x0,x0),x0), Got: x0
2018-12-15 12:50:21,165 - DEBUG - Expected: ZIPWITH(max,MAP(-1,x1),x0), Got: ZIPWITH(max,x0,MAP(-1,x1))
2018-12-15 12:50:21,253 - DEBUG - Expected: ZIPWITH(*,MAP(**2,x0),x1), Got: ZIPWITH(*,x0,ZIPWITH(*,x0,x1))
2018-12-15 12:50:21,276 - DEBUG - Expected: SCAN1L(*,TAKE(x1,x0)), Got: SCAN1L(*,x0)
2018-12-15 12:50:22,048 - DEBUG - Expected: ZIPWITH(*,x1,ZIPWITH(max,x1,x0)), Got: ZIPWITH(*,x1,ZIPWITH(max,x0,x1))
2018-12-15 12:50:22,079 - DEBUG - Expected: ZIPWITH(+,ZIPWITH(max,x0,x0),x0), Got: ZIPWITH(+,x0,x0)
2018-12-15 12:53:22,086 - DEBUG - Expected: TAKE(x1,SCAN1L(-,x0)), but timed out
2018-12-15 12:53:22,409 - DEBUG - Got expected: MAP(+1,FILTER(EVEN,x0))
2018-12-15 12:53:23,018 - DEBUG - Got expected: ZIPWITH(+,x0,FILTER(>0,x1))
2018-12-15 12:54:20,558 - DEBUG - Expected: MAP(**2,MAP(*4,x0)), Got: ZIPWITH(*,MAP(*4,x0),MAP(*4,x0))
2018-12-15 12:54:56,552 - DEBUG - Expected: REVERSE(TAKE(x1,x0)), Got: ZIPWITH(+,REVERSE(x0),ZIPWITH(-,x0,x0))
2018-12-15 12:57:04,352 - DEBUG - Got expected: MAP(/4,REVERSE(x0))
2018-12-15 12:57:04,399 - DEBUG - Expected: ZIPWITH(min,x0,ZIPWITH(min,x0,x1)), Got: ZIPWITH(min,x0,x1)
2018-12-15 12:57:04,584 - DEBUG - Expected: ZIPWITH(*,ZIPWITH(*,x1,x2),x0), Got: ZIPWITH(*,x2,ZIPWITH(*,x0,x1))
2018-12-15 12:57:04,748 - DEBUG - Expected: ZIPWITH(max,SCAN1L(*,x0),x0), Got: ZIPWITH(max,x0,SCAN1L(*,x0))
2018-12-15 12:57:04,805 - DEBUG - Got expected: ZIPWITH(max,x0,ZIPWITH(+,x0,x0))
2018-12-15 12:57:05,103 - DEBUG - Expected: ZIPWITH(+,ZIPWITH(+,x1,x2),x0), Got: ZIPWITH(+,x0,ZIPWITH(+,x1,x2))
2018-12-15 12:57:05,402 - DEBUG - Expected: ZIPWITH(*,ZIPWITH(+,x2,x1),x0), Got: ZIPWITH(*,x0,ZIPWITH(+,x1,x2))
2018-12-15 13:01:14,061 - DEBUG - Starting script python -m run --program-size=2 --data-set=test --synthesizer=neo
2018-12-15 13:01:18,393 - DEBUG - Expected: COUNT(>0,MAP(*-1,x0)), Got: COUNT(<0,x0)
2018-12-15 13:01:40,057 - DEBUG - Expected: TAIL(ZIPWITH(max,x0,x0)), Got: TAIL(ZIPWITH(min,x0,x0))
2018-12-15 13:01:40,151 - DEBUG - Expected: COUNT(>0,FILTER(ODD,x0)), Got: COUNT(ODD,FILTER(>0,x0))
2018-12-15 13:01:40,172 - DEBUG - Expected: COUNT(>0,MAP(+1,x0)), Got: COUNT(>0,x0)
2018-12-15 13:02:21,285 - DEBUG - Got expected: TAIL(MAP(*-1,x0))
2018-12-15 13:02:21,328 - DEBUG - Expected: COUNT(>0,ZIPWITH(max,x0,x0)), Got: COUNT(>0,x0)
2018-12-15 13:05:28,295 - DEBUG - Starting script python -m run --program-size=2 --data-set=test --synthesizer=neo
2018-12-15 13:05:32,851 - DEBUG - Expected: COUNT(>0,MAP(*-1,x0)), Got: COUNT(<0,x0)
2018-12-15 13:06:04,892 - DEBUG - Starting script python -m run --program-size=2 --data-set=test --synthesizer=neo
2018-12-15 13:06:09,209 - DEBUG - Expected: COUNT(>0,MAP(*-1,x0)), Got: COUNT(<0,x0)
2018-12-15 13:06:38,680 - DEBUG - Expected: TAIL(ZIPWITH(max,x0,x0)), Got: TAIL(ZIPWITH(min,x0,x0))
2018-12-15 13:06:38,833 - DEBUG - Expected: COUNT(>0,FILTER(ODD,x0)), Got: COUNT(ODD,FILTER(>0,x0))
2018-12-15 13:06:38,876 - DEBUG - Expected: COUNT(>0,MAP(+1,x0)), Got: COUNT(>0,x0)
2018-12-15 13:07:20,250 - DEBUG - Got expected: TAIL(MAP(*-1,x0))
2018-12-15 13:07:20,289 - DEBUG - Expected: COUNT(>0,ZIPWITH(max,x0,x0)), Got: COUNT(>0,x0)
2018-12-15 13:10:20,304 - DEBUG - Expected: MINIMUM(ZIPWITH(+,x0,x1)), but timed out
2018-12-15 13:10:54,431 - DEBUG - Got expected: TAIL(FILTER(>0,x0))
2018-12-15 13:11:29,381 - DEBUG - Got expected: HEAD(MAP(/4,x0))
2018-12-15 13:11:29,450 - DEBUG - Expected: MAXIMUM(ZIPWITH(-,x0,x0)), Got: COUNT(ODD,MAP(*2,x0))
2018-12-15 13:12:01,673 - DEBUG - Got expected: MAXIMUM(MAP(/4,x0))
2018-12-15 13:12:03,882 - DEBUG - Expected: ZIPWITH(max,ZIPWITH(min,x0,x2),x1), Got: ZIPWITH(max,x1,ZIPWITH(min,x0,x2))
2018-12-15 13:15:03,892 - DEBUG - Expected: MAP(/3,SCAN1L(max,x0)), but timed out
2018-12-15 13:18:03,913 - DEBUG - Expected: SCAN1L(max,MAP(*2,x0)), but timed out
2018-12-15 13:18:04,221 - DEBUG - Expected: ZIPWITH(*,MAP(*2,x0),MAP(*2,x0)), Got: ZIPWITH(*,x0,MAP(*4,x0))
2018-12-15 13:19:13,193 - DEBUG - Expected: MAP(/4,ZIPWITH(min,x1,x0)), Got: ZIPWITH(min,MAP(/4,x0),MAP(/4,x1))
2018-12-15 13:19:15,035 - DEBUG - Got expected: ZIPWITH(*,x1,MAP(/3,x0))
2018-12-15 13:19:15,163 - DEBUG - Got expected: ZIPWITH(*,x0,ZIPWITH(-,x0,x1))
2018-12-15 13:19:15,425 - DEBUG - Expected: ZIPWITH(*,x1,ZIPWITH(-,x0,x0)), Got: ZIPWITH(*,x0,ZIPWITH(-,x1,x1))
2018-12-15 13:22:15,442 - DEBUG - Expected: REVERSE(MAP(+1,x0)), but timed out
2018-12-15 13:22:15,469 - DEBUG - Expected: ZIPWITH(min,ZIPWITH(min,x0,x0),x0), Got: x0
2018-12-15 13:22:16,081 - DEBUG - Expected: ZIPWITH(max,MAP(-1,x1),x0), Got: ZIPWITH(max,x0,MAP(-1,x1))
2018-12-15 13:22:16,181 - DEBUG - Expected: ZIPWITH(*,MAP(**2,x0),x1), Got: ZIPWITH(*,x0,ZIPWITH(*,x0,x1))
2018-12-15 13:22:16,209 - DEBUG - Expected: SCAN1L(*,TAKE(x1,x0)), Got: SCAN1L(*,x0)
2018-12-15 13:22:17,223 - DEBUG - Expected: ZIPWITH(*,x1,ZIPWITH(max,x1,x0)), Got: ZIPWITH(*,x1,ZIPWITH(max,x0,x1))
2018-12-15 13:22:17,254 - DEBUG - Expected: ZIPWITH(+,ZIPWITH(max,x0,x0),x0), Got: ZIPWITH(+,x0,x0)
2018-12-15 13:25:17,271 - DEBUG - Expected: TAKE(x1,SCAN1L(-,x0)), but timed out
2018-12-15 13:25:17,578 - DEBUG - Got expected: MAP(+1,FILTER(EVEN,x0))
2018-12-15 13:25:18,180 - DEBUG - Got expected: ZIPWITH(+,x0,FILTER(>0,x1))
2018-12-15 13:26:27,699 - DEBUG - Expected: MAP(**2,MAP(*4,x0)), Got: ZIPWITH(*,MAP(*4,x0),MAP(*4,x0))
2018-12-15 13:29:27,718 - DEBUG - Expected: REVERSE(TAKE(x1,x0)), but timed out
2018-12-15 13:31:31,395 - DEBUG - Got expected: MAP(/4,REVERSE(x0))
2018-12-15 13:31:31,440 - DEBUG - Expected: ZIPWITH(min,x0,ZIPWITH(min,x0,x1)), Got: ZIPWITH(min,x0,x1)
2018-12-15 13:31:31,631 - DEBUG - Expected: ZIPWITH(*,ZIPWITH(*,x1,x2),x0), Got: ZIPWITH(*,x2,ZIPWITH(*,x0,x1))
2018-12-15 13:31:31,795 - DEBUG - Expected: ZIPWITH(max,SCAN1L(*,x0),x0), Got: ZIPWITH(max,x0,SCAN1L(*,x0))
2018-12-15 13:31:31,852 - DEBUG - Got expected: ZIPWITH(max,x0,ZIPWITH(+,x0,x0))
2018-12-15 13:31:32,136 - DEBUG - Expected: ZIPWITH(+,ZIPWITH(+,x1,x2),x0), Got: ZIPWITH(+,x0,ZIPWITH(+,x1,x2))
2018-12-15 13:31:32,415 - DEBUG - Expected: ZIPWITH(*,ZIPWITH(+,x2,x1),x0), Got: ZIPWITH(*,x0,ZIPWITH(+,x1,x2))
2018-12-15 13:34:27,558 - DEBUG - Expected: FILTER(>0,MAP(-1,x0)), Got: MAP(-1,FILTER(>0,x0))
2018-12-15 13:34:29,035 - DEBUG - Expected: ZIPWITH(max,SCAN1L(-,x1),x0), Got: ZIPWITH(max,x0,SCAN1L(-,x1))
2018-12-15 13:37:26,578 - DEBUG - Got expected: MAP(/2,ZIPWITH(*,x0,x0))
2018-12-15 13:37:28,221 - DEBUG - Got expected: ZIPWITH(*,x1,SCAN1L(-,x0))
2018-12-15 13:40:28,236 - DEBUG - Expected: TAKE(TAIL(x0),x1), but timed out
2018-12-15 13:43:28,251 - DEBUG - Expected: ZIPWITH(+,x1,DROP(x2,x0)), but timed out
2018-12-15 13:43:30,082 - DEBUG - Expected: ZIPWITH(*,ZIPWITH(-,x0,x1),x2), Got: ZIPWITH(*,x2,ZIPWITH(-,x0,x1))
2018-12-15 13:43:35,446 - DEBUG - Got expected: ZIPWITH(*,FILTER(<0,x0),FILTER(<0,x0))
2018-12-15 13:43:35,659 - DEBUG - Expected: ZIPWITH(*,ZIPWITH(-,x0,x0),x1), Got: ZIPWITH(*,x0,ZIPWITH(-,x1,x1))
2018-12-15 13:46:35,671 - DEBUG - Expected: ZIPWITH(*,REVERSE(x0),REVERSE(x0)), but timed out
2018-12-15 13:46:39,000 - DEBUG - Expected: MAP(*3,ZIPWITH(+,x0,x0)), Got: ZIPWITH(+,ZIPWITH(+,x0,x0),MAP(*4,x0))
2018-12-15 13:49:39,008 - DEBUG - Expected: MAP(+1,ZIPWITH(max,x0,x1)), but timed out
2018-12-15 15:38:35,658 - DEBUG - Starting script python -m run --program-size=2 --data-set=test --synthesizer=neo
2018-12-15 15:38:39,647 - DEBUG - Expected: COUNT(>0,MAP(*-1,x0)), Got: COUNT(<0,x0)
2018-12-15 15:39:00,975 - DEBUG - Expected: TAIL(ZIPWITH(max,x0,x0)), Got: TAIL(ZIPWITH(min,x0,x0))
2018-12-15 15:39:01,094 - DEBUG - Expected: COUNT(>0,FILTER(ODD,x0)), Got: COUNT(ODD,FILTER(>0,x0))
2018-12-15 15:39:01,121 - DEBUG - Expected: COUNT(>0,MAP(+1,x0)), Got: COUNT(>0,x0)
2018-12-15 15:39:27,588 - DEBUG - Got expected: TAIL(MAP(*-1,x0))
2018-12-15 15:39:27,610 - DEBUG - Expected: COUNT(>0,ZIPWITH(max,x0,x0)), Got: COUNT(>0,x0)
2018-12-15 15:42:27,623 - DEBUG - Expected: MINIMUM(ZIPWITH(+,x0,x1)), but timed out
2018-12-15 15:42:54,216 - DEBUG - Got expected: TAIL(FILTER(>0,x0))
2018-12-15 15:43:21,015 - DEBUG - Got expected: HEAD(MAP(/4,x0))
2018-12-15 15:43:21,052 - DEBUG - Expected: MAXIMUM(ZIPWITH(-,x0,x0)), Got: COUNT(ODD,MAP(*2,x0))
2018-12-15 15:43:23,727 - DEBUG - Starting script python -m run --program-size=2 --data-set=test --synthesizer=neo
2018-12-15 15:43:27,759 - DEBUG - Expected: COUNT(>0,MAP(*-1,x0)), Got: COUNT(<0,x0)
2018-12-15 15:43:47,898 - DEBUG - Expected: TAIL(ZIPWITH(max,x0,x0)), Got: TAIL(ZIPWITH(min,x0,x0))
2018-12-15 15:43:47,993 - DEBUG - Expected: COUNT(>0,FILTER(ODD,x0)), Got: COUNT(ODD,FILTER(>0,x0))
2018-12-15 15:43:48,019 - DEBUG - Expected: COUNT(>0,MAP(+1,x0)), Got: COUNT(>0,x0)
2018-12-15 15:44:14,607 - DEBUG - Got expected: TAIL(MAP(*-1,x0))
2018-12-15 15:44:14,630 - DEBUG - Expected: COUNT(>0,ZIPWITH(max,x0,x0)), Got: COUNT(>0,x0)
2018-12-15 15:56:21,617 - DEBUG - Starting script python -m run --program-size=2 --data-set=test --synthesizer=neo
2018-12-15 15:56:25,729 - DEBUG - Expected: COUNT(>0,MAP(*-1,x0)), Got: COUNT(<0,x0)
2018-12-15 15:56:47,379 - DEBUG - Expected: TAIL(ZIPWITH(max,x0,x0)), Got: TAIL(ZIPWITH(min,x0,x0))
2018-12-15 15:56:47,494 - DEBUG - Expected: COUNT(>0,FILTER(ODD,x0)), Got: COUNT(ODD,FILTER(>0,x0))
2018-12-15 15:56:47,519 - DEBUG - Expected: COUNT(>0,MAP(+1,x0)), Got: COUNT(>0,x0)
2018-12-15 15:57:15,119 - DEBUG - Got expected: TAIL(MAP(*-1,x0))
2018-12-15 15:57:15,144 - DEBUG - Expected: COUNT(>0,ZIPWITH(max,x0,x0)), Got: COUNT(>0,x0)
2018-12-15 15:59:48,371 - DEBUG - Starting script python -m run --program-size=2 --data-set=test --synthesizer=neo
2018-12-15 15:59:52,381 - DEBUG - Expected: COUNT(>0,MAP(*-1,x0)), Got: COUNT(<0,x0)
2018-12-15 16:00:13,606 - DEBUG - Expected: TAIL(ZIPWITH(max,x0,x0)), Got: TAIL(ZIPWITH(min,x0,x0))
2018-12-15 16:00:13,704 - DEBUG - Expected: COUNT(>0,FILTER(ODD,x0)), Got: COUNT(ODD,FILTER(>0,x0))
2018-12-15 16:00:13,728 - DEBUG - Expected: COUNT(>0,MAP(+1,x0)), Got: COUNT(>0,x0)
2018-12-15 16:00:40,833 - DEBUG - Got expected: TAIL(MAP(*-1,x0))
2018-12-15 16:00:40,861 - DEBUG - Expected: COUNT(>0,ZIPWITH(max,x0,x0)), Got: COUNT(>0,x0)
2018-12-15 16:02:16,488 - DEBUG - Starting script python -m run --program-size=2 --data-set=test --synthesizer=neo
2018-12-15 20:25:53,926 - DEBUG - Starting script python -m run --program-size=2 --data-set=test --synthesizer=neo
2018-12-15 20:26:24,720 - DEBUG - Starting script python -m run --program-size=2 --data-set=test --synthesizer=neo
2018-12-15 20:26:29,457 - DEBUG - Expected: COUNT(>0,MAP(*-1,x0)), Got: COUNT(<0,x0)
2018-12-15 20:26:32,901 - DEBUG - Expected: TAIL(ZIPWITH(max,x0,x0)), Got: TAIL(ZIPWITH(min,x0,x0))
2018-12-15 20:26:33,005 - DEBUG - Expected: COUNT(>0,FILTER(ODD,x0)), Got: COUNT(ODD,FILTER(>0,x0))
2018-12-15 20:26:33,027 - DEBUG - Expected: COUNT(>0,MAP(+1,x0)), Got: COUNT(>0,x0)
2018-12-15 20:26:35,665 - DEBUG - Got expected: TAIL(MAP(*-1,x0))
2018-12-15 20:26:35,701 - DEBUG - Expected: COUNT(>0,ZIPWITH(max,x0,x0)), Got: COUNT(>0,x0)
2018-12-15 20:26:38,135 - DEBUG - Got expected: TAIL(FILTER(>0,x0))
2018-12-15 20:26:40,062 - DEBUG - Got expected: HEAD(MAP(/4,x0))
2018-12-15 20:26:40,096 - DEBUG - Expected: MAXIMUM(ZIPWITH(-,x0,x0)), Got: COUNT(ODD,MAP(*2,x0))
2018-12-15 20:26:41,521 - DEBUG - Got expected: MAXIMUM(MAP(/4,x0))
2018-12-15 20:26:42,219 - DEBUG - Got expected: ZIPWITH(max,ZIPWITH(min,x0,x2),x1)
2018-12-15 20:26:44,986 - DEBUG - Got expected: MAP(/3,SCAN1L(max,x0))
2018-12-15 20:26:48,234 - DEBUG - Expected: SCAN1L(max,MAP(*2,x0)), Got: MAP(*2,SCAN1L(max,x0))
2018-12-15 20:26:49,047 - DEBUG - Expected: ZIPWITH(*,MAP(*2,x0),MAP(*2,x0)), Got: ZIPWITH(*,MAP(*4,x0),x0)
2018-12-15 20:26:55,233 - DEBUG - Expected: MAP(/4,ZIPWITH(min,x1,x0)), Got: MAP(/4,ZIPWITH(min,x0,x1))
2018-12-15 20:26:57,871 - DEBUG - Expected: ZIPWITH(*,x1,MAP(/3,x0)), Got: ZIPWITH(*,MAP(/3,x0),x1)
2018-12-15 20:26:58,153 - DEBUG - Expected: ZIPWITH(*,x0,ZIPWITH(-,x0,x1)), Got: ZIPWITH(*,ZIPWITH(-,x0,x1),x0)
2018-12-15 20:26:58,287 - DEBUG - Expected: ZIPWITH(*,x1,ZIPWITH(-,x0,x0)), Got: ZIPWITH(*,ZIPWITH(-,x0,x0),x1)
2018-12-15 20:27:05,399 - DEBUG - Expected: REVERSE(MAP(+1,x0)), but not found
2018-12-15 20:27:05,419 - DEBUG - Expected: ZIPWITH(min,ZIPWITH(min,x0,x0),x0), Got: x0
2018-12-15 20:27:07,999 - DEBUG - Got expected: ZIPWITH(max,MAP(-1,x1),x0)
2018-12-15 20:27:08,136 - DEBUG - Expected: ZIPWITH(*,MAP(**2,x0),x1), Got: ZIPWITH(*,ZIPWITH(*,x0,x0),x1)
2018-12-15 20:27:08,162 - DEBUG - Expected: SCAN1L(*,TAKE(x1,x0)), Got: SCAN1L(*,x0)
2018-12-15 20:27:08,393 - DEBUG - Expected: ZIPWITH(*,x1,ZIPWITH(max,x1,x0)), Got: ZIPWITH(*,ZIPWITH(max,x0,x1),x1)
2018-12-15 20:27:08,425 - DEBUG - Expected: ZIPWITH(+,ZIPWITH(max,x0,x0),x0), Got: ZIPWITH(+,x0,x0)
2018-12-15 20:27:19,211 - DEBUG - Expected: TAKE(x1,SCAN1L(-,x0)), but not found
2018-12-15 20:27:19,579 - DEBUG - Got expected: MAP(+1,FILTER(EVEN,x0))
2018-12-15 20:27:22,746 - DEBUG - Expected: ZIPWITH(+,x0,FILTER(>0,x1)), Got: ZIPWITH(+,FILTER(>0,x1),x0)
2018-12-15 20:27:28,093 - DEBUG - Got expected: MAP(**2,MAP(*4,x0))
2018-12-15 20:27:41,453 - DEBUG - Expected: REVERSE(TAKE(x1,x0)), but not found
2018-12-15 20:27:44,445 - DEBUG - Got expected: MAP(/4,REVERSE(x0))
2018-12-15 20:27:44,497 - DEBUG - Expected: ZIPWITH(min,x0,ZIPWITH(min,x0,x1)), Got: ZIPWITH(min,x0,x1)
2018-12-15 20:29:02,743 - DEBUG - Expected: ZIPWITH(*,ZIPWITH(*,x1,x2),x0), Got: ZIPWITH(*,x0,ZIPWITH(*,x2,x1))
2018-12-15 20:29:03,424 - DEBUG - Got expected: ZIPWITH(max,SCAN1L(*,x0),x0)
2018-12-15 20:29:03,523 - DEBUG - Expected: ZIPWITH(max,x0,ZIPWITH(+,x0,x0)), Got: ZIPWITH(max,ZIPWITH(+,x0,x0),x0)
2018-12-15 20:29:04,183 - DEBUG - Expected: ZIPWITH(+,ZIPWITH(+,x1,x2),x0), Got: ZIPWITH(+,ZIPWITH(+,x0,x1),x2)
2018-12-15 20:29:06,349 - DEBUG - Expected: ZIPWITH(*,ZIPWITH(+,x2,x1),x0), Got: ZIPWITH(*,ZIPWITH(+,x1,x2),x0)
2018-12-15 20:29:12,202 - DEBUG - Expected: FILTER(>0,MAP(-1,x0)), Got: MAP(-1,FILTER(>0,x0))
2018-12-15 20:29:16,826 - DEBUG - Got expected: ZIPWITH(max,SCAN1L(-,x1),x0)
2018-12-15 20:29:19,046 - DEBUG - Got expected: MAP(/2,ZIPWITH(*,x0,x0))
2018-12-15 20:29:21,691 - DEBUG - Expected: ZIPWITH(*,x1,SCAN1L(-,x0)), Got: ZIPWITH(*,SCAN1L(-,x0),x1)
2018-12-15 20:31:11,024 - DEBUG - Got expected: TAKE(TAIL(x0),x1)
2018-12-15 20:32:05,674 - DEBUG - Expected: ZIPWITH(+,x1,DROP(x2,x0)), Got: FILTER(ODD,ZIPWITH(+,x0,x0))
2018-12-15 20:32:06,219 - DEBUG - Got expected: ZIPWITH(*,ZIPWITH(-,x0,x1),x2)
2018-12-15 20:32:14,031 - DEBUG - Expected: ZIPWITH(*,FILTER(<0,x0),FILTER(<0,x0)), Got: MAP(**2,FILTER(<0,x0))
2018-12-15 20:32:14,177 - DEBUG - Got expected: ZIPWITH(*,ZIPWITH(-,x0,x0),x1)
2018-12-15 20:32:22,758 - DEBUG - Expected: ZIPWITH(*,REVERSE(x0),REVERSE(x0)), but not found
2018-12-15 20:32:24,883 - DEBUG - Got expected: MAP(*3,ZIPWITH(+,x0,x0))
2018-12-15 20:32:30,192 - DEBUG - Got expected: MAP(+1,ZIPWITH(max,x0,x1))
