2018-12-15 01:35:47,604 - DEBUG - Starting script python -m run --program-size=2 --data-set=test --synthesizer=neo_a
2018-12-15 01:35:51,549 - DEBUG - Got expected: TAIL(FILTER(>0,x0))
2018-12-15 01:35:52,211 - DEBUG - Expected: COUNT(>0,FILTER(ODD,x0)), Got: COUNT(ODD,FILTER(>0,x0))
2018-12-15 01:35:55,947 - DEBUG - Got expected: MINIMUM(ZIPWITH(+,x0,x1))
2018-12-15 01:35:56,552 - DEBUG - Expected: COUNT(>0,MAP(*-1,x0)), Got: COUNT(<0,x0)
2018-12-15 01:35:58,444 - DEBUG - Got expected: TAIL(MAP(*-1,x0))
2018-12-15 01:35:59,096 - DEBUG - Expected: COUNT(>0,MAP(+1,x0)), Got: COUNT(>0,x0)
2018-12-15 01:36:00,785 - DEBUG - Got expected: HEAD(MAP(/4,x0))
2018-12-15 01:36:02,514 - DEBUG - Got expected: MAXIMUM(MAP(/4,x0))
2018-12-15 01:36:03,197 - DEBUG - Expected: MAXIMUM(ZIPWITH(-,x0,x0)), Got: COUNT(ODD,MAP(*2,x0))
2018-12-15 01:36:03,829 - DEBUG - Expected: COUNT(>0,ZIPWITH(max,x0,x0)), Got: COUNT(>0,x0)
2018-12-15 01:36:05,916 - DEBUG - Expected: TAIL(ZIPWITH(max,x0,x0)), Got: TAIL(ZIPWITH(min,x0,x0))
2018-12-15 01:46:33,335 - DEBUG - Starting script python -m run --program-size=2 --data-set=test --synthesizer=neo_a
2018-12-15 01:46:38,726 - DEBUG - Got expected: TAKE(COUNT(<0,x0),x0)
2018-12-15 01:46:39,704 - DEBUG - Expected: ZIPWITH(*,x0,FILTER(<0,x0)), Got: ZIPWITH(*,FILTER(<0,x0),x0)
2018-12-15 01:46:44,303 - DEBUG - Expected: ZIPWITH(*,FILTER(<0,x0),FILTER(<0,x0)), Got: MAP(**2,FILTER(<0,x0))
2018-12-15 01:46:48,157 - DEBUG - Got expected: MAP(*-1,FILTER(>0,x0))
2018-12-15 01:46:49,888 - DEBUG - Got expected: TAIL(FILTER(>0,x0))
2018-12-15 01:46:50,822 - DEBUG - Got expected: MAP(+1,FILTER(EVEN,x0))
2018-12-15 01:46:51,534 - DEBUG - Expected: COUNT(>0,FILTER(ODD,x0)), Got: COUNT(ODD,FILTER(>0,x0))
2018-12-15 01:46:55,642 - DEBUG - Got expected: MAP(*4,FILTER(ODD,x0))
2018-12-15 01:47:05,948 - DEBUG - Expected: TAKE(x1,SCAN1L(-,x0)), but not found
2018-12-15 01:47:10,238 - DEBUG - Expected: TAKE(x1,SCAN1L(max,x0)), Got: SCAN1L(max,TAKE(x1,x0))
2018-12-15 01:47:21,491 - DEBUG - Expected: REVERSE(TAKE(x1,x0)), Got: REVERSE(x0)
2018-12-15 01:47:22,921 - DEBUG - Expected: SCAN1L(*,TAKE(x1,x0)), Got: SCAN1L(*,x0)
2018-12-15 01:47:24,568 - DEBUG - Expected: ZIPWITH(+,TAKE(x1,x0),TAKE(x1,x0)), Got: ZIPWITH(+,x0,x0)
2018-12-15 01:47:32,899 - DEBUG - Got expected: TAKE(COUNT(<0,x0),x1)
2018-12-15 01:47:36,767 - DEBUG - Got expected: ZIPWITH(max,FILTER(<0,x1),x0)
2018-12-15 01:47:40,604 - DEBUG - Got expected: ZIPWITH(min,FILTER(<0,x1),x0)
2018-12-15 01:47:44,959 - DEBUG - Expected: ZIPWITH(+,x0,FILTER(>0,x1)), Got: ZIPWITH(+,FILTER(>0,x1),x0)
2018-12-15 01:47:48,555 - DEBUG - Expected: ZIPWITH(max,x0,FILTER(ODD,x1)), Got: ZIPWITH(max,FILTER(ODD,x1),x0)
2018-12-15 01:47:57,063 - DEBUG - Expected: ZIPWITH(+,x1,DROP(x2,x0)), Got: ZIPWITH(min,DROP(x2,x0),x0)
2018-12-15 01:48:05,577 - DEBUG - Expected: ZIPWITH(+,DROP(x2,x1),x0), Got: ZIPWITH(+,DROP(x2,x0),x0)
2018-12-15 01:48:07,987 - DEBUG - Got expected: ZIPWITH(-,ZIPWITH(*,x0,x1),x2)
2018-12-15 01:48:36,463 - DEBUG - Expected: ZIPWITH(*,ZIPWITH(*,x1,x2),x0), Got: ZIPWITH(*,x0,ZIPWITH(*,x2,x1))
2018-12-15 01:48:38,893 - DEBUG - Expected: ZIPWITH(+,ZIPWITH(+,x1,x2),x0), Got: ZIPWITH(+,ZIPWITH(+,x0,x1),x2)
2018-12-15 01:48:42,517 - DEBUG - Expected: ZIPWITH(*,ZIPWITH(+,x2,x1),x0), Got: ZIPWITH(*,ZIPWITH(+,x1,x2),x0)
2018-12-15 01:48:44,930 - DEBUG - Got expected: ZIPWITH(*,ZIPWITH(-,x0,x1),x2)
2018-12-15 01:49:00,523 - DEBUG - Got expected: ZIPWITH(+,x0,ZIPWITH(-,x1,x2))
2018-12-15 01:49:03,158 - DEBUG - Got expected: ZIPWITH(max,ZIPWITH(min,x0,x2),x1)
2018-12-15 01:49:04,659 - DEBUG - Expected: ZIPWITH(*,MAP(**2,x0),x1), Got: ZIPWITH(*,ZIPWITH(*,x0,x0),x1)
2018-12-15 01:49:08,444 - DEBUG - Got expected: ZIPWITH(-,MAP(*3,x0),x1)
2018-12-15 01:49:10,067 - DEBUG - Expected: ZIPWITH(*,x1,MAP(-1,x0)), Got: ZIPWITH(-,ZIPWITH(*,x0,x1),x1)
2018-12-15 01:49:13,980 - DEBUG - Got expected: ZIPWITH(max,MAP(-1,x1),x0)
2018-12-15 01:49:17,807 - DEBUG - Expected: ZIPWITH(*,x1,MAP(/3,x0)), Got: ZIPWITH(*,MAP(/3,x0),x1)
2018-12-15 01:49:27,277 - DEBUG - Got expected: ZIPWITH(-,MAP(/3,x0),x1)
2018-12-15 01:49:31,354 - DEBUG - Got expected: ZIPWITH(max,MAP(/4,x1),x0)
2018-12-15 01:49:35,854 - DEBUG - Expected: ZIPWITH(*,x1,SCAN1L(-,x0)), Got: ZIPWITH(*,SCAN1L(-,x0),x1)
2018-12-15 01:49:41,390 - DEBUG - Expected: ZIPWITH(max,x0,SCAN1L(-,x1)), Got: ZIPWITH(max,SCAN1L(-,x1),x0)
2018-12-15 01:49:47,510 - DEBUG - Got expected: ZIPWITH(max,SCAN1L(-,x1),x0)
2018-12-15 01:49:53,700 - DEBUG - Expected: ZIPWITH(*,x0,SORT(x1)), Got: ZIPWITH(*,SORT(x1),x0)
2018-12-15 01:50:14,242 - DEBUG - Got expected: TAKE(TAIL(x0),x1)
2018-12-15 01:50:21,050 - DEBUG - Expected: ZIPWITH(max,x1,ZIPWITH(*,x0,x0)), Got: ZIPWITH(max,x1,MAP(**2,x0))
2018-12-15 01:50:55,788 - DEBUG - Got expected: FILTER(>0,ZIPWITH(*,x0,x1))
2018-12-15 01:51:17,806 - DEBUG - Expected: REVERSE(ZIPWITH(*,x0,x1)), but not found
2018-12-15 01:51:19,901 - DEBUG - Expected: ZIPWITH(-,ZIPWITH(*,x0,x1),ZIPWITH(*,x0,x1)), Got: ZIPWITH(*,ZIPWITH(-,x0,x0),x1)
2018-12-15 01:51:21,986 - DEBUG - Expected: ZIPWITH(+,x1,ZIPWITH(*,x1,x0)), Got: ZIPWITH(+,ZIPWITH(*,x0,x1),x1)
2018-12-15 01:51:29,746 - DEBUG - Expected: ZIPWITH(-,x0,ZIPWITH(*,x1,x1)), Got: ZIPWITH(-,x0,MAP(**2,x1))
2018-12-15 01:51:33,679 - DEBUG - Got expected: MINIMUM(ZIPWITH(+,x0,x1))
2018-12-15 01:51:35,177 - DEBUG - Expected: ZIPWITH(*,x1,ZIPWITH(-,x0,x0)), Got: ZIPWITH(*,ZIPWITH(-,x0,x0),x1)
2018-12-15 01:51:36,679 - DEBUG - Got expected: ZIPWITH(*,ZIPWITH(-,x0,x0),x1)
2018-12-15 01:51:38,399 - DEBUG - Expected: ZIPWITH(*,x0,ZIPWITH(-,x0,x1)), Got: ZIPWITH(*,ZIPWITH(-,x0,x1),x0)
2018-12-15 01:51:40,690 - DEBUG - Got expected: ZIPWITH(+,ZIPWITH(-,x1,x0),x1)
2018-12-15 01:51:47,133 - DEBUG - Got expected: MAP(+1,ZIPWITH(max,x0,x1))
2018-12-15 01:51:48,771 - DEBUG - Expected: ZIPWITH(*,x1,ZIPWITH(max,x1,x0)), Got: ZIPWITH(*,ZIPWITH(max,x0,x1),x1)
2018-12-15 01:51:50,207 - DEBUG - Expected: ZIPWITH(min,ZIPWITH(max,x1,x0),ZIPWITH(max,x1,x0)), Got: ZIPWITH(max,x0,x1)
2018-12-15 01:51:51,677 - DEBUG - Expected: ZIPWITH(min,x0,ZIPWITH(min,x0,x1)), Got: ZIPWITH(min,x0,x1)
2018-12-15 01:52:20,654 - DEBUG - Expected: FILTER(EVEN,ZIPWITH(min,x1,x0)), Got: FILTER(EVEN,ZIPWITH(min,x0,x1))
2018-12-15 01:52:27,026 - DEBUG - Expected: MAP(/4,ZIPWITH(min,x1,x0)), Got: MAP(/4,ZIPWITH(min,x0,x1))
2018-12-15 01:52:32,823 - DEBUG - Expected: FILTER(<0,MAP(**2,x0)), Got: FILTER(<0,SCAN1L(max,x0))
2018-12-15 01:52:33,456 - DEBUG - Expected: COUNT(>0,MAP(*-1,x0)), Got: COUNT(<0,x0)
2018-12-15 01:52:34,472 - DEBUG - Expected: SCAN1L(max,MAP(*-1,x0)), Got: MAP(*-1,SCAN1L(min,x0))
2018-12-15 01:52:36,379 - DEBUG - Got expected: TAIL(MAP(*-1,x0))
2018-12-15 01:52:39,373 - DEBUG - Expected: SCAN1L(max,MAP(*2,x0)), Got: MAP(*2,SCAN1L(max,x0))
2018-12-15 01:52:40,767 - DEBUG - Expected: ZIPWITH(*,MAP(*2,x0),MAP(*2,x0)), Got: ZIPWITH(*,MAP(*4,x0),x0)
2018-12-15 01:52:41,951 - DEBUG - Expected: ZIPWITH(min,x0,MAP(*3,x0)), Got: ZIPWITH(min,MAP(*3,x0),x0)
2018-12-15 01:52:44,640 - DEBUG - Got expected: MAP(**2,MAP(*4,x0))
2018-12-15 01:52:47,882 - DEBUG - Expected: REVERSE(MAP(*4,x0)), Got: MAP(*4,REVERSE(x0))
2018-12-15 01:52:48,562 - DEBUG - Expected: ZIPWITH(-,MAP(*4,x0),x0), Got: ZIPWITH(+,ZIPWITH(+,x0,x0),x0)
2018-12-15 01:52:49,198 - DEBUG - Expected: COUNT(>0,MAP(+1,x0)), Got: COUNT(>0,x0)
2018-12-15 01:52:52,389 - DEBUG - Expected: REVERSE(MAP(+1,x0)), Got: MAP(+1,REVERSE(x0))
2018-12-15 01:52:53,810 - DEBUG - Got expected: ZIPWITH(max,MAP(+1,x0),x0)
2018-12-15 01:52:57,743 - DEBUG - Expected: FILTER(>0,MAP(-1,x0)), Got: MAP(-1,FILTER(>0,x0))
2018-12-15 01:52:58,534 - DEBUG - Expected: FILTER(ODD,MAP(-1,x0)), Got: MAP(-1,FILTER(EVEN,x0))
2018-12-15 01:53:00,920 - DEBUG - Expected: ZIPWITH(max,MAP(/2,x0),MAP(/2,x0)), Got: MAP(/2,x0)
2018-12-15 01:53:02,637 - DEBUG - Got expected: HEAD(MAP(/4,x0))
2018-12-15 01:53:04,171 - DEBUG - Got expected: MAXIMUM(MAP(/4,x0))
2018-12-15 01:53:06,520 - DEBUG - Expected: ZIPWITH(min,MAP(/4,x0),MAP(/4,x0)), Got: MAP(/4,x0)
2018-12-15 01:53:09,718 - DEBUG - Got expected: MAP(/4,REVERSE(x0))
2018-12-15 01:53:13,746 - DEBUG - Expected: ZIPWITH(*,REVERSE(x0),REVERSE(x0)), Got: MAP(**2,REVERSE(x0))
2018-12-15 01:53:14,907 - DEBUG - Got expected: ZIPWITH(max,SCAN1L(*,x0),x0)
2018-12-15 01:53:17,508 - DEBUG - Expected: MAP(*3,SCAN1L(+,x0)), Got: SCAN1L(+,MAP(*3,x0))
2018-12-15 01:53:20,371 - DEBUG - Got expected: MAP(/4,SCAN1L(+,x0))
2018-12-15 01:53:26,290 - DEBUG - Got expected: FILTER(<0,SCAN1L(-,x0))
2018-12-15 01:53:29,275 - DEBUG - Got expected: MAP(/3,SCAN1L(max,x0))
2018-12-15 01:53:29,906 - DEBUG - Expected: ZIPWITH(min,SCAN1L(max,x0),x0), Got: x0
2018-12-15 01:53:30,572 - DEBUG - Got expected: SCAN1L(*,SCAN1L(min,x0))
2018-12-15 01:53:33,342 - DEBUG - Expected: ZIPWITH(max,x0,SORT(x0)), Got: ZIPWITH(max,SORT(x0),x0)
2018-12-15 01:53:39,962 - DEBUG - Got expected: TAKE(TAIL(x0),x0)
2018-12-15 01:53:42,303 - DEBUG - Got expected: MAP(/2,ZIPWITH(*,x0,x0))
2018-12-15 01:53:44,623 - DEBUG - Got expected: MAP(*3,ZIPWITH(+,x0,x0))
2018-12-15 01:53:46,957 - DEBUG - Got expected: SCAN1L(-,ZIPWITH(+,x0,x0))
2018-12-15 01:53:47,633 - DEBUG - Expected: ZIPWITH(max,x0,ZIPWITH(+,x0,x0)), Got: ZIPWITH(max,ZIPWITH(+,x0,x0),x0)
2018-12-15 01:53:48,283 - DEBUG - Expected: MAP(/4,ZIPWITH(-,x0,x0)), Got: ZIPWITH(-,x0,x0)
2018-12-15 01:53:48,924 - DEBUG - Expected: MAXIMUM(ZIPWITH(-,x0,x0)), Got: COUNT(ODD,MAP(*2,x0))
2018-12-15 01:53:49,552 - DEBUG - Expected: ZIPWITH(+,ZIPWITH(-,x0,x0),x0), Got: x0
2018-12-15 01:53:50,181 - DEBUG - Expected: COUNT(>0,ZIPWITH(max,x0,x0)), Got: COUNT(>0,x0)
2018-12-15 01:53:52,236 - DEBUG - Expected: TAIL(ZIPWITH(max,x0,x0)), Got: TAIL(ZIPWITH(min,x0,x0))
2018-12-15 01:53:52,875 - DEBUG - Expected: ZIPWITH(+,ZIPWITH(max,x0,x0),x0), Got: ZIPWITH(+,x0,x0)
2018-12-15 01:53:57,915 - DEBUG - Expected: FILTER(>0,ZIPWITH(min,x0,x0)), Got: FILTER(>0,x0)
2018-12-15 01:53:58,572 - DEBUG - Expected: ZIPWITH(*,ZIPWITH(min,x0,x0),x0), Got: ZIPWITH(*,x0,x0)
2018-12-15 01:53:59,224 - DEBUG - Expected: ZIPWITH(min,ZIPWITH(min,x0,x0),x0), Got: x0
2018-12-15 12:59:53,838 - DEBUG - Starting script python -m run --program-size=2 --data-set=test --synthesizer=neo_a
2018-12-15 13:00:00,033 - DEBUG - Expected: COUNT(>0,MAP(*-1,x0)), Got: COUNT(<0,x0)
2018-12-15 13:01:21,461 - DEBUG - Starting script python -m run --program-size=2 --data-set=test --synthesizer=neo_a
2018-12-15 13:01:26,859 - DEBUG - Expected: COUNT(>0,MAP(*-1,x0)), Got: COUNT(<0,x0)
2018-12-15 13:01:48,341 - DEBUG - Expected: TAIL(ZIPWITH(max,x0,x0)), Got: TAIL(ZIPWITH(min,x0,x0))
2018-12-15 13:01:49,513 - DEBUG - Expected: COUNT(>0,FILTER(ODD,x0)), Got: COUNT(ODD,FILTER(>0,x0))
2018-12-15 13:01:50,606 - DEBUG - Expected: COUNT(>0,MAP(+1,x0)), Got: COUNT(>0,x0)
2018-12-15 13:02:49,083 - DEBUG - Got expected: TAIL(MAP(*-1,x0))
2018-12-15 13:02:51,054 - DEBUG - Expected: COUNT(>0,ZIPWITH(max,x0,x0)), Got: COUNT(>0,x0)
2018-12-15 13:05:48,662 - DEBUG - Starting script python -m run --program-size=2 --data-set=test --synthesizer=neo_a
2018-12-15 13:05:53,919 - DEBUG - Expected: COUNT(>0,MAP(*-1,x0)), Got: COUNT(<0,x0)
2018-12-15 13:06:16,692 - DEBUG - Expected: TAIL(ZIPWITH(max,x0,x0)), Got: TAIL(ZIPWITH(min,x0,x0))
2018-12-15 13:06:17,757 - DEBUG - Expected: COUNT(>0,FILTER(ODD,x0)), Got: COUNT(ODD,FILTER(>0,x0))
2018-12-15 13:06:18,782 - DEBUG - Expected: COUNT(>0,MAP(+1,x0)), Got: COUNT(>0,x0)
2018-12-15 13:06:59,466 - DEBUG - Got expected: TAIL(MAP(*-1,x0))
2018-12-15 13:07:00,533 - DEBUG - Expected: COUNT(>0,ZIPWITH(max,x0,x0)), Got: COUNT(>0,x0)
2018-12-15 13:10:00,541 - DEBUG - Expected: MINIMUM(ZIPWITH(+,x0,x1)), but timed out
2018-12-15 13:10:26,281 - DEBUG - Got expected: TAIL(FILTER(>0,x0))
2018-12-15 13:11:04,970 - DEBUG - Got expected: HEAD(MAP(/4,x0))
2018-12-15 13:11:06,014 - DEBUG - Expected: MAXIMUM(ZIPWITH(-,x0,x0)), Got: COUNT(ODD,MAP(*2,x0))
2018-12-15 13:11:39,782 - DEBUG - Got expected: MAXIMUM(MAP(/4,x0))
2018-12-15 13:11:44,337 - DEBUG - Expected: ZIPWITH(max,ZIPWITH(min,x0,x2),x1), Got: ZIPWITH(max,x1,ZIPWITH(min,x0,x2))
2018-12-15 13:14:07,765 - DEBUG - Got expected: MAP(/3,SCAN1L(max,x0))
2018-12-15 13:16:57,031 - DEBUG - Expected: SCAN1L(max,MAP(*2,x0)), Got: ZIPWITH(+,SCAN1L(max,x0),SCAN1L(max,x0))
2018-12-15 13:16:58,262 - DEBUG - Expected: ZIPWITH(*,MAP(*2,x0),MAP(*2,x0)), Got: ZIPWITH(*,x0,MAP(*4,x0))
2018-12-15 13:18:09,763 - DEBUG - Expected: MAP(/4,ZIPWITH(min,x1,x0)), Got: ZIPWITH(min,MAP(/4,x0),MAP(/4,x1))
2018-12-15 13:18:13,774 - DEBUG - Got expected: ZIPWITH(*,x1,MAP(/3,x0))
2018-12-15 13:18:15,972 - DEBUG - Got expected: ZIPWITH(*,x0,ZIPWITH(-,x0,x1))
2018-12-15 13:18:18,340 - DEBUG - Expected: ZIPWITH(*,x1,ZIPWITH(-,x0,x0)), Got: ZIPWITH(*,x0,ZIPWITH(-,x1,x1))
2018-12-15 13:21:18,353 - DEBUG - Expected: REVERSE(MAP(+1,x0)), but timed out
2018-12-15 13:21:19,180 - DEBUG - Expected: ZIPWITH(min,ZIPWITH(min,x0,x0),x0), Got: x0
2018-12-15 13:21:21,465 - DEBUG - Expected: ZIPWITH(max,MAP(-1,x1),x0), Got: ZIPWITH(max,x0,MAP(-1,x1))
2018-12-15 13:21:23,303 - DEBUG - Expected: ZIPWITH(*,MAP(**2,x0),x1), Got: ZIPWITH(*,x0,ZIPWITH(*,x0,x1))
2018-12-15 13:21:25,073 - DEBUG - Expected: SCAN1L(*,TAKE(x1,x0)), Got: SCAN1L(*,x0)
2018-12-15 13:21:27,297 - DEBUG - Expected: ZIPWITH(*,x1,ZIPWITH(max,x1,x0)), Got: ZIPWITH(*,x1,ZIPWITH(max,x0,x1))
2018-12-15 13:21:27,968 - DEBUG - Expected: ZIPWITH(+,ZIPWITH(max,x0,x0),x0), Got: ZIPWITH(+,x0,x0)
2018-12-15 13:24:27,981 - DEBUG - Expected: TAKE(x1,SCAN1L(-,x0)), but timed out
2018-12-15 13:24:28,939 - DEBUG - Got expected: MAP(+1,FILTER(EVEN,x0))
2018-12-15 13:24:30,933 - DEBUG - Got expected: ZIPWITH(+,x0,FILTER(>0,x1))
2018-12-15 13:27:30,942 - DEBUG - Expected: MAP(**2,MAP(*4,x0)), but timed out
2018-12-15 13:30:30,958 - DEBUG - Expected: REVERSE(TAKE(x1,x0)), but timed out
2018-12-15 13:33:30,970 - DEBUG - Expected: MAP(/4,REVERSE(x0)), but timed out
2018-12-15 13:33:33,825 - DEBUG - Expected: ZIPWITH(min,x0,ZIPWITH(min,x0,x1)), Got: ZIPWITH(min,x0,x1)
2018-12-15 13:33:37,519 - DEBUG - Expected: ZIPWITH(*,ZIPWITH(*,x1,x2),x0), Got: ZIPWITH(*,x2,ZIPWITH(*,x0,x1))
2018-12-15 13:33:38,982 - DEBUG - Expected: ZIPWITH(max,SCAN1L(*,x0),x0), Got: ZIPWITH(max,x0,SCAN1L(*,x0))
2018-12-15 13:33:40,320 - DEBUG - Got expected: ZIPWITH(max,x0,ZIPWITH(+,x0,x0))
2018-12-15 13:33:43,937 - DEBUG - Expected: ZIPWITH(+,ZIPWITH(+,x1,x2),x0), Got: ZIPWITH(+,x0,ZIPWITH(+,x1,x2))
2018-12-15 13:33:48,077 - DEBUG - Expected: ZIPWITH(*,ZIPWITH(+,x2,x1),x0), Got: ZIPWITH(*,x0,ZIPWITH(+,x1,x2))
2018-12-15 13:49:40,856 - DEBUG - Starting script python -m run --program-size=2 --data-set=test --synthesizer=neo_a
2018-12-15 13:49:46,792 - DEBUG - Expected: COUNT(>0,MAP(*-1,x0)), Got: COUNT(<0,x0)
2018-12-15 13:50:07,941 - DEBUG - Expected: TAIL(ZIPWITH(max,x0,x0)), Got: TAIL(ZIPWITH(min,x0,x0))
2018-12-15 13:50:08,688 - DEBUG - Expected: COUNT(>0,FILTER(ODD,x0)), Got: COUNT(ODD,FILTER(>0,x0))
2018-12-15 13:50:09,363 - DEBUG - Expected: COUNT(>0,MAP(+1,x0)), Got: COUNT(>0,x0)
2018-12-15 13:50:37,091 - DEBUG - Got expected: TAIL(MAP(*-1,x0))
2018-12-15 13:50:37,758 - DEBUG - Expected: COUNT(>0,ZIPWITH(max,x0,x0)), Got: COUNT(>0,x0)
2018-12-15 13:53:37,767 - DEBUG - Expected: MINIMUM(ZIPWITH(+,x0,x1)), but timed out
2018-12-15 13:54:05,887 - DEBUG - Got expected: TAIL(FILTER(>0,x0))
2018-12-15 13:54:31,144 - DEBUG - Got expected: HEAD(MAP(/4,x0))
2018-12-15 13:54:31,824 - DEBUG - Expected: MAXIMUM(ZIPWITH(-,x0,x0)), Got: COUNT(ODD,MAP(*2,x0))
2018-12-15 13:54:56,471 - DEBUG - Got expected: MAXIMUM(MAP(/4,x0))
2018-12-15 13:54:59,985 - DEBUG - Expected: ZIPWITH(max,ZIPWITH(min,x0,x2),x1), Got: ZIPWITH(max,x1,ZIPWITH(min,x0,x2))
2018-12-15 13:56:28,284 - DEBUG - Got expected: MAP(/3,SCAN1L(max,x0))
2018-12-15 13:58:16,648 - DEBUG - Expected: SCAN1L(max,MAP(*2,x0)), Got: ZIPWITH(+,SCAN1L(max,x0),SCAN1L(max,x0))
2018-12-15 13:58:17,523 - DEBUG - Expected: ZIPWITH(*,MAP(*2,x0),MAP(*2,x0)), Got: ZIPWITH(*,x0,MAP(*4,x0))
2018-12-15 13:59:06,963 - DEBUG - Expected: MAP(/4,ZIPWITH(min,x1,x0)), Got: ZIPWITH(min,MAP(/4,x0),MAP(/4,x1))
2018-12-15 13:59:09,873 - DEBUG - Got expected: ZIPWITH(*,x1,MAP(/3,x0))
2018-12-15 13:59:11,488 - DEBUG - Got expected: ZIPWITH(*,x0,ZIPWITH(-,x0,x1))
2018-12-15 13:59:13,228 - DEBUG - Expected: ZIPWITH(*,x1,ZIPWITH(-,x0,x0)), Got: ZIPWITH(*,x0,ZIPWITH(-,x1,x1))
2018-12-15 14:01:46,572 - DEBUG - Expected: REVERSE(MAP(+1,x0)), but not found
2018-12-15 14:01:47,251 - DEBUG - Expected: ZIPWITH(min,ZIPWITH(min,x0,x0),x0), Got: x0
2018-12-15 14:01:49,230 - DEBUG - Expected: ZIPWITH(max,MAP(-1,x1),x0), Got: ZIPWITH(max,x0,MAP(-1,x1))
2018-12-15 14:01:50,789 - DEBUG - Expected: ZIPWITH(*,MAP(**2,x0),x1), Got: ZIPWITH(*,x0,ZIPWITH(*,x0,x1))
2018-12-15 14:01:52,277 - DEBUG - Expected: SCAN1L(*,TAKE(x1,x0)), Got: SCAN1L(*,x0)
2018-12-15 14:01:55,063 - DEBUG - Expected: ZIPWITH(*,x1,ZIPWITH(max,x1,x0)), Got: ZIPWITH(*,x1,ZIPWITH(max,x0,x1))
2018-12-15 14:01:55,769 - DEBUG - Expected: ZIPWITH(+,ZIPWITH(max,x0,x0),x0), Got: ZIPWITH(+,x0,x0)
2018-12-15 14:04:55,779 - DEBUG - Expected: TAKE(x1,SCAN1L(-,x0)), but timed out
2018-12-15 14:04:56,822 - DEBUG - Got expected: MAP(+1,FILTER(EVEN,x0))
2018-12-15 14:04:59,016 - DEBUG - Got expected: ZIPWITH(+,x0,FILTER(>0,x1))
2018-12-15 14:06:11,636 - DEBUG - Expected: MAP(**2,MAP(*4,x0)), Got: ZIPWITH(*,MAP(*4,x0),MAP(*4,x0))
2018-12-15 14:09:11,646 - DEBUG - Expected: REVERSE(TAKE(x1,x0)), but timed out
2018-12-15 14:10:50,469 - DEBUG - Got expected: MAP(/4,REVERSE(x0))
2018-12-15 14:10:51,954 - DEBUG - Expected: ZIPWITH(min,x0,ZIPWITH(min,x0,x1)), Got: ZIPWITH(min,x0,x1)
2018-12-15 14:10:54,203 - DEBUG - Expected: ZIPWITH(*,ZIPWITH(*,x1,x2),x0), Got: ZIPWITH(*,x2,ZIPWITH(*,x0,x1))
2018-12-15 14:10:55,049 - DEBUG - Expected: ZIPWITH(max,SCAN1L(*,x0),x0), Got: ZIPWITH(max,x0,SCAN1L(*,x0))
2018-12-15 14:10:55,785 - DEBUG - Got expected: ZIPWITH(max,x0,ZIPWITH(+,x0,x0))
2018-12-15 14:10:58,175 - DEBUG - Expected: ZIPWITH(+,ZIPWITH(+,x1,x2),x0), Got: ZIPWITH(+,x0,ZIPWITH(+,x1,x2))
2018-12-15 14:11:00,576 - DEBUG - Expected: ZIPWITH(*,ZIPWITH(+,x2,x1),x0), Got: ZIPWITH(*,x0,ZIPWITH(+,x1,x2))
2018-12-15 14:14:00,597 - DEBUG - Expected: FILTER(>0,MAP(-1,x0)), but timed out
2018-12-15 14:14:02,914 - DEBUG - Expected: ZIPWITH(max,SCAN1L(-,x1),x0), Got: ZIPWITH(max,x0,SCAN1L(-,x1))
2018-12-15 14:16:21,103 - DEBUG - Got expected: MAP(/2,ZIPWITH(*,x0,x0))
2018-12-15 14:16:24,187 - DEBUG - Got expected: ZIPWITH(*,x1,SCAN1L(-,x0))
2018-12-15 14:19:24,200 - DEBUG - Expected: TAKE(TAIL(x0),x1), but timed out
2018-12-15 14:19:27,866 - DEBUG - Expected: ZIPWITH(+,x1,DROP(x2,x0)), Got: ZIPWITH(min,x0,DROP(x2,x0))
2018-12-15 14:19:32,239 - DEBUG - Expected: ZIPWITH(*,ZIPWITH(-,x0,x1),x2), Got: ZIPWITH(*,x2,ZIPWITH(-,x0,x1))
2018-12-15 14:19:38,620 - DEBUG - Got expected: ZIPWITH(*,FILTER(<0,x0),FILTER(<0,x0))
2018-12-15 14:19:40,366 - DEBUG - Expected: ZIPWITH(*,ZIPWITH(-,x0,x0),x1), Got: ZIPWITH(*,x0,ZIPWITH(-,x1,x1))
2018-12-15 14:22:40,379 - DEBUG - Expected: ZIPWITH(*,REVERSE(x0),REVERSE(x0)), but timed out
2018-12-15 14:22:44,608 - DEBUG - Expected: MAP(*3,ZIPWITH(+,x0,x0)), Got: ZIPWITH(+,ZIPWITH(+,x0,x0),MAP(*4,x0))
2018-12-15 14:25:44,622 - DEBUG - Expected: MAP(+1,ZIPWITH(max,x0,x1)), but timed out
