LIST|COUNT,<0,0|TAKE,1,0
Timeout
LIST|FILTER,<0,0|ZIPWITH,*,0,1
ZIPWITH(*,x0,FILTER(<0,x0))
Took 101 ms
LIST|FILTER,<0,0|ZIPWITH,*,1,1
Timeout
LIST|FILTER,>0,0|MAP,*-1,1
ZIPWITH(-,ZIPWITH(-,x0,x0),FILTER(>0,x0))
Took 1073 ms
LIST|FILTER,>0,0|TAIL,1
TAIL(FILTER(>0,x0))
Took 1457 ms
LIST|FILTER,EVEN,0|MAP,+1,1
MAP(+1,FILTER(EVEN,x0))
Took 137 ms
LIST|FILTER,ODD,0|COUNT,>0,1
COUNT(ODD,FILTER(>0,x0))
Took 37 ms
LIST|FILTER,ODD,0|MAP,*4,1
Timeout
LIST|INT|SCAN1L,-,0|TAKE,1,2
SCAN1L(-,TAKE(x1,x0))
Took 121 ms
LIST|INT|SCAN1L,max,0|TAKE,1,2
Timeout
LIST|INT|TAKE,1,0|REVERSE,2
